<?xml version="1.0" encoding="UTF-8"?>
<coverage generated="1570035682092" clover="3.2.0">
  <project timestamp="1570035682092" name="All files">
    <metrics statements="325" coveredstatements="288" conditionals="124" coveredconditionals="70" methods="73" coveredmethods="64" elements="522" coveredelements="422" complexity="0" loc="325" ncloc="325" packages="3" files="12" classes="12"/>
    <package name="src.js.components">
      <metrics statements="195" coveredstatements="171" conditionals="82" coveredconditionals="40" methods="42" coveredmethods="38"/>
      <file name="addCal.jsx" path="E:\mySites\localist_viewer\src\js\components\addCal.jsx">
        <metrics statements="13" coveredstatements="13" conditionals="0" coveredconditionals="0" methods="4" coveredmethods="4"/>
        <line num="6" count="2" type="stmt"/>
        <line num="7" count="13" type="stmt"/>
        <line num="8" count="13" type="stmt"/>
        <line num="9" count="13" type="stmt"/>
        <line num="21" count="13" type="stmt"/>
        <line num="36" count="2" type="stmt"/>
        <line num="37" count="13" type="stmt"/>
        <line num="50" count="2" type="stmt"/>
        <line num="51" count="13" type="stmt"/>
        <line num="68" count="2" type="stmt"/>
        <line num="69" count="13" type="stmt"/>
        <line num="70" count="13" type="stmt"/>
        <line num="78" count="2" type="stmt"/>
      </file>
      <file name="classic.jsx" path="E:\mySites\localist_viewer\src\js\components\classic.jsx">
        <metrics statements="12" coveredstatements="12" conditionals="4" coveredconditionals="2" methods="3" coveredmethods="3"/>
        <line num="8" count="1" type="stmt"/>
        <line num="9" count="4" type="stmt"/>
        <line num="10" count="4" type="stmt"/>
        <line num="11" count="4" type="stmt"/>
        <line num="12" count="4" type="stmt"/>
        <line num="36" count="1" type="stmt"/>
        <line num="41" count="1" type="stmt"/>
        <line num="46" count="1" type="stmt"/>
        <line num="48" count="1" type="stmt"/>
        <line num="53" count="4" type="stmt"/>
        <line num="68" count="1" type="stmt"/>
        <line num="75" count="1" type="stmt"/>
      </file>
      <file name="compact.jsx" path="E:\mySites\localist_viewer\src\js\components\compact.jsx">
        <metrics statements="13" coveredstatements="13" conditionals="8" coveredconditionals="4" methods="3" coveredmethods="3"/>
        <line num="18" count="1" type="stmt"/>
        <line num="27" count="4" type="stmt"/>
        <line num="28" count="4" type="stmt"/>
        <line num="60" count="1" type="stmt"/>
        <line num="73" count="1" type="stmt"/>
        <line num="85" count="1" type="stmt"/>
        <line num="86" count="1" type="stmt"/>
        <line num="87" count="1" type="stmt"/>
        <line num="88" count="1" type="cond" truecount="1" falsecount="1"/>
        <line num="90" count="1" type="stmt"/>
        <line num="103" count="4" type="stmt"/>
        <line num="127" count="1" type="stmt"/>
        <line num="140" count="1" type="stmt"/>
      </file>
      <file name="filter.jsx" path="E:\mySites\localist_viewer\src\js\components\filter.jsx">
        <metrics statements="32" coveredstatements="13" conditionals="16" coveredconditionals="2" methods="6" coveredmethods="2"/>
        <line num="16" count="2" type="stmt"/>
        <line num="17" count="5" type="stmt"/>
        <line num="18" count="5" type="cond" truecount="2" falsecount="0"/>
        <line num="19" count="1" type="stmt"/>
        <line num="21" count="4" type="stmt"/>
        <line num="22" count="4" type="stmt"/>
        <line num="24" count="4" type="stmt"/>
        <line num="25" count="0" type="cond" truecount="0" falsecount="2"/>
        <line num="26" count="0" type="stmt"/>
        <line num="28" count="0" type="stmt"/>
        <line num="29" count="0" type="stmt"/>
        <line num="30" count="0" type="stmt"/>
        <line num="31" count="0" type="stmt"/>
        <line num="32" count="0" type="cond" truecount="0" falsecount="4"/>
        <line num="33" count="0" type="stmt"/>
        <line num="34" count="0" type="cond" truecount="0" falsecount="4"/>
        <line num="35" count="0" type="stmt"/>
        <line num="36" count="0" type="cond" truecount="0" falsecount="4"/>
        <line num="37" count="0" type="stmt"/>
        <line num="39" count="0" type="stmt"/>
        <line num="41" count="0" type="stmt"/>
        <line num="45" count="4" type="stmt"/>
        <line num="55" count="0" type="stmt"/>
        <line num="56" count="0" type="stmt"/>
        <line num="57" count="0" type="stmt"/>
        <line num="62" count="25" type="stmt"/>
        <line num="63" count="25" type="stmt"/>
        <line num="64" count="25" type="stmt"/>
        <line num="65" count="25" type="stmt"/>
        <line num="72" count="0" type="stmt"/>
        <line num="73" count="0" type="stmt"/>
        <line num="84" count="2" type="stmt"/>
      </file>
      <file name="inline_compact.jsx" path="E:\mySites\localist_viewer\src\js\components\inline_compact.jsx">
        <metrics statements="16" coveredstatements="15" conditionals="6" coveredconditionals="3" methods="4" coveredmethods="4"/>
        <line num="10" count="1" type="stmt"/>
        <line num="11" count="4" type="stmt"/>
        <line num="12" count="4" type="stmt"/>
        <line num="13" count="4" type="stmt"/>
        <line num="15" count="4" type="stmt"/>
        <line num="16" count="4" type="cond" truecount="1" falsecount="1"/>
        <line num="17" count="0" type="stmt"/>
        <line num="19" count="4" type="stmt"/>
        <line num="27" count="4" type="stmt"/>
        <line num="56" count="1" type="stmt"/>
        <line num="61" count="1" type="stmt"/>
        <line num="66" count="1" type="stmt"/>
        <line num="68" count="1" type="stmt"/>
        <line num="75" count="4" type="stmt"/>
        <line num="92" count="1" type="stmt"/>
        <line num="99" count="1" type="stmt"/>
      </file>
      <file name="modern_compact.jsx" path="E:\mySites\localist_viewer\src\js\components\modern_compact.jsx">
        <metrics statements="14" coveredstatements="14" conditionals="10" coveredconditionals="5" methods="3" coveredmethods="3"/>
        <line num="15" count="1" type="stmt"/>
        <line num="22" count="4" type="stmt"/>
        <line num="23" count="4" type="stmt"/>
        <line num="25" count="4" type="stmt"/>
        <line num="72" count="1" type="stmt"/>
        <line num="81" count="1" type="stmt"/>
        <line num="91" count="1" type="stmt"/>
        <line num="92" count="1" type="stmt"/>
        <line num="93" count="1" type="stmt"/>
        <line num="94" count="1" type="cond" truecount="1" falsecount="1"/>
        <line num="95" count="1" type="stmt"/>
        <line num="108" count="4" type="stmt"/>
        <line num="132" count="1" type="stmt"/>
        <line num="144" count="1" type="stmt"/>
      </file>
      <file name="modern_standard.jsx" path="E:\mySites\localist_viewer\src\js\components\modern_standard.jsx">
        <metrics statements="19" coveredstatements="19" conditionals="12" coveredconditionals="6" methods="5" coveredmethods="5"/>
        <line num="15" count="1" type="stmt"/>
        <line num="24" count="4" type="stmt"/>
        <line num="31" count="4" type="stmt"/>
        <line num="33" count="4" type="cond" truecount="1" falsecount="1"/>
        <line num="34" count="4" type="stmt"/>
        <line num="35" count="4" type="stmt"/>
        <line num="38" count="4" type="stmt"/>
        <line num="41" count="4" type="stmt"/>
        <line num="43" count="4" type="stmt"/>
        <line num="91" count="1" type="stmt"/>
        <line num="103" count="1" type="stmt"/>
        <line num="114" count="1" type="stmt"/>
        <line num="115" count="1" type="stmt"/>
        <line num="116" count="1" type="stmt"/>
        <line num="117" count="1" type="cond" truecount="1" falsecount="1"/>
        <line num="118" count="1" type="stmt"/>
        <line num="131" count="4" type="stmt"/>
        <line num="155" count="1" type="stmt"/>
        <line num="167" count="1" type="stmt"/>
      </file>
      <file name="partials.jsx" path="E:\mySites\localist_viewer\src\js\components\partials.jsx">
        <metrics statements="49" coveredstatements="45" conditionals="14" coveredconditionals="10" methods="9" coveredmethods="9"/>
        <line num="4" count="2" type="stmt"/>
        <line num="5" count="8" type="stmt"/>
        <line num="6" count="8" type="stmt"/>
        <line num="19" count="2" type="stmt"/>
        <line num="24" count="2" type="stmt"/>
        <line num="25" count="8" type="stmt"/>
        <line num="26" count="8" type="stmt"/>
        <line num="35" count="2" type="stmt"/>
        <line num="39" count="2" type="stmt"/>
        <line num="40" count="8" type="stmt"/>
        <line num="41" count="8" type="cond" truecount="1" falsecount="1"/>
        <line num="42" count="8" type="stmt"/>
        <line num="44" count="0" type="stmt"/>
        <line num="47" count="2" type="stmt"/>
        <line num="50" count="2" type="stmt"/>
        <line num="54" count="2" type="stmt"/>
        <line num="55" count="12" type="stmt"/>
        <line num="56" count="12" type="stmt"/>
        <line num="57" count="12" type="cond" truecount="1" falsecount="1"/>
        <line num="58" count="0" type="stmt"/>
        <line num="60" count="12" type="stmt"/>
        <line num="71" count="2" type="stmt"/>
        <line num="77" count="2" type="stmt"/>
        <line num="82" count="2" type="stmt"/>
        <line num="83" count="8" type="stmt"/>
        <line num="84" count="8" type="cond" truecount="1" falsecount="1"/>
        <line num="85" count="0" type="stmt"/>
        <line num="87" count="8" type="stmt"/>
        <line num="100" count="2" type="stmt"/>
        <line num="106" count="2" type="stmt"/>
        <line num="111" count="2" type="stmt"/>
        <line num="112" count="8" type="stmt"/>
        <line num="114" count="8" type="stmt"/>
        <line num="124" count="8" type="stmt"/>
        <line num="142" count="2" type="stmt"/>
        <line num="149" count="2" type="stmt"/>
        <line num="153" count="2" type="stmt"/>
        <line num="154" count="4" type="stmt"/>
        <line num="155" count="4" type="cond" truecount="1" falsecount="1"/>
        <line num="156" count="0" type="stmt"/>
        <line num="158" count="4" type="stmt"/>
        <line num="162" count="4" type="stmt"/>
        <line num="167" count="2" type="stmt"/>
        <line num="171" count="2" type="stmt"/>
        <line num="175" count="2" type="stmt"/>
        <line num="176" count="30" type="stmt"/>
        <line num="177" count="30" type="stmt"/>
        <line num="187" count="2" type="stmt"/>
        <line num="194" count="2" type="stmt"/>
      </file>
      <file name="standard.jsx" path="E:\mySites\localist_viewer\src\js\components\standard.jsx">
        <metrics statements="27" coveredstatements="27" conditionals="12" coveredconditionals="8" methods="5" coveredmethods="5"/>
        <line num="22" count="1" type="stmt"/>
        <line num="32" count="4" type="stmt"/>
        <line num="34" count="4" type="stmt"/>
        <line num="72" count="1" type="stmt"/>
        <line num="86" count="1" type="stmt"/>
        <line num="98" count="1" type="stmt"/>
        <line num="99" count="1" type="stmt"/>
        <line num="101" count="1" type="stmt"/>
        <line num="102" count="1" type="cond" truecount="1" falsecount="1"/>
        <line num="103" count="1" type="stmt"/>
        <line num="104" count="1" type="stmt"/>
        <line num="106" count="1" type="stmt"/>
        <line num="107" count="4" type="stmt"/>
        <line num="108" count="4" type="cond" truecount="2" falsecount="0"/>
        <line num="109" count="2" type="stmt"/>
        <line num="110" count="2" type="stmt"/>
        <line num="114" count="2" type="stmt"/>
        <line num="117" count="1" type="stmt"/>
        <line num="118" count="4" type="stmt"/>
        <line num="119" count="4" type="cond" truecount="2" falsecount="0"/>
        <line num="120" count="3" type="stmt"/>
        <line num="121" count="3" type="stmt"/>
        <line num="128" count="1" type="stmt"/>
        <line num="131" count="1" type="stmt"/>
        <line num="144" count="4" type="stmt"/>
        <line num="170" count="1" type="stmt"/>
        <line num="183" count="1" type="stmt"/>
      </file>
    </package>
    <package name="src.js.helpers">
      <metrics statements="127" coveredstatements="114" conditionals="42" coveredconditionals="30" methods="31" coveredmethods="26"/>
      <file name="buildEventWrapperFilters.js" path="E:\mySites\localist_viewer\src\js\helpers\buildEventWrapperFilters.js">
        <metrics statements="17" coveredstatements="17" conditionals="12" coveredconditionals="12" methods="4" coveredmethods="4"/>
        <line num="9" count="1" type="stmt"/>
        <line num="10" count="4" type="stmt"/>
        <line num="11" count="4" type="stmt"/>
        <line num="12" count="16" type="stmt"/>
        <line num="13" count="16" type="stmt"/>
        <line num="14" count="16" type="stmt"/>
        <line num="15" count="16" type="cond" truecount="2" falsecount="0"/>
        <line num="19" count="4" type="stmt"/>
        <line num="20" count="4" type="stmt"/>
        <line num="21" count="4" type="stmt"/>
        <line num="28" count="12" type="cond" truecount="2" falsecount="0"/>
        <line num="32" count="4" type="stmt"/>
        <line num="33" count="4" type="stmt"/>
        <line num="34" count="10" type="stmt"/>
        <line num="40" count="8" type="cond" truecount="2" falsecount="0"/>
        <line num="44" count="1" type="stmt"/>
        <line num="51" count="4" type="stmt"/>
      </file>
      <file name="displayEvent.js" path="E:\mySites\localist_viewer\src\js\helpers\displayEvent.js">
        <metrics statements="110" coveredstatements="97" conditionals="30" coveredconditionals="18" methods="27" coveredmethods="22"/>
        <line num="11" count="3" type="stmt"/>
        <line num="12" count="24" type="stmt"/>
        <line num="13" count="24" type="stmt"/>
        <line num="23" count="3" type="stmt"/>
        <line num="24" count="12" type="stmt"/>
        <line num="25" count="12" type="stmt"/>
        <line num="35" count="3" type="stmt"/>
        <line num="36" count="12" type="stmt"/>
        <line num="37" count="12" type="stmt"/>
        <line num="45" count="3" type="stmt"/>
        <line num="46" count="81" type="stmt"/>
        <line num="47" count="81" type="stmt"/>
        <line num="55" count="3" type="stmt"/>
        <line num="56" count="13" type="stmt"/>
        <line num="57" count="13" type="stmt"/>
        <line num="65" count="3" type="stmt"/>
        <line num="66" count="26" type="stmt"/>
        <line num="67" count="26" type="stmt"/>
        <line num="75" count="3" type="stmt"/>
        <line num="76" count="13" type="stmt"/>
        <line num="77" count="13" type="stmt"/>
        <line num="78" count="13" type="stmt"/>
        <line num="86" count="3" type="stmt"/>
        <line num="87" count="13" type="stmt"/>
        <line num="88" count="13" type="stmt"/>
        <line num="89" count="13" type="stmt"/>
        <line num="100" count="3" type="stmt"/>
        <line num="101" count="4" type="stmt"/>
        <line num="103" count="4" type="cond" truecount="1" falsecount="1"/>
        <line num="106" count="4" type="stmt"/>
        <line num="114" count="3" type="stmt"/>
        <line num="115" count="12" type="stmt"/>
        <line num="116" count="12" type="stmt"/>
        <line num="117" count="12" type="stmt"/>
        <line num="129" count="3" type="stmt"/>
        <line num="130" count="16" type="stmt"/>
        <line num="131" count="16" type="cond" truecount="1" falsecount="1"/>
        <line num="132" count="16" type="stmt"/>
        <line num="134" count="16" type="stmt"/>
        <line num="142" count="3" type="stmt"/>
        <line num="143" count="12" type="stmt"/>
        <line num="144" count="12" type="stmt"/>
        <line num="145" count="12" type="stmt"/>
        <line num="148" count="3" type="stmt"/>
        <line num="149" count="4" type="stmt"/>
        <line num="150" count="4" type="stmt"/>
        <line num="151" count="4" type="cond" truecount="3" falsecount="1"/>
        <line num="152" count="4" type="stmt"/>
        <line num="154" count="4" type="stmt"/>
        <line num="162" count="3" type="stmt"/>
        <line num="163" count="20" type="stmt"/>
        <line num="164" count="20" type="cond" truecount="1" falsecount="1"/>
        <line num="165" count="0" type="stmt"/>
        <line num="167" count="20" type="stmt"/>
        <line num="168" count="20" type="stmt"/>
        <line num="170" count="20" type="stmt"/>
        <line num="178" count="3" type="stmt"/>
        <line num="179" count="20" type="stmt"/>
        <line num="180" count="20" type="cond" truecount="2" falsecount="0"/>
        <line num="181" count="5" type="stmt"/>
        <line num="183" count="20" type="stmt"/>
        <line num="191" count="3" type="stmt"/>
        <line num="192" count="16" type="stmt"/>
        <line num="193" count="16" type="cond" truecount="2" falsecount="0"/>
        <line num="194" count="4" type="stmt"/>
        <line num="196" count="16" type="stmt"/>
        <line num="204" count="3" type="stmt"/>
        <line num="205" count="0" type="stmt"/>
        <line num="206" count="0" type="cond" truecount="0" falsecount="2"/>
        <line num="207" count="0" type="stmt"/>
        <line num="208" count="0" type="stmt"/>
        <line num="211" count="0" type="stmt"/>
        <line num="220" count="3" type="stmt"/>
        <line num="221" count="0" type="stmt"/>
        <line num="222" count="0" type="cond" truecount="0" falsecount="2"/>
        <line num="223" count="0" type="stmt"/>
        <line num="224" count="0" type="stmt"/>
        <line num="227" count="0" type="stmt"/>
        <line num="236" count="3" type="stmt"/>
        <line num="237" count="4" type="stmt"/>
        <line num="238" count="4" type="cond" truecount="1" falsecount="1"/>
        <line num="239" count="4" type="stmt"/>
        <line num="241" count="4" type="stmt"/>
        <line num="250" count="3" type="stmt"/>
        <line num="251" count="4" type="stmt"/>
        <line num="260" count="3" type="stmt"/>
        <line num="261" count="0" type="stmt"/>
        <line num="271" count="3" type="stmt"/>
        <line num="272" count="4" type="stmt"/>
        <line num="273" count="4" type="stmt"/>
        <line num="274" count="4" type="stmt"/>
        <line num="275" count="4" type="cond" truecount="1" falsecount="1"/>
        <line num="276" count="4" type="stmt"/>
        <line num="278" count="4" type="cond" truecount="2" falsecount="2"/>
        <line num="279" count="0" type="stmt"/>
        <line num="281" count="4" type="cond" truecount="4" falsecount="0"/>
        <line num="282" count="1" type="stmt"/>
        <line num="284" count="4" type="stmt"/>
        <line num="292" count="3" type="stmt"/>
        <line num="293" count="4" type="stmt"/>
        <line num="294" count="4" type="stmt"/>
        <line num="295" count="4" type="stmt"/>
        <line num="303" count="3" type="stmt"/>
        <line num="304" count="4" type="stmt"/>
        <line num="305" count="4" type="stmt"/>
        <line num="306" count="4" type="stmt"/>
        <line num="314" count="3" type="stmt"/>
        <line num="315" count="12" type="stmt"/>
        <line num="316" count="12" type="stmt"/>
        <line num="317" count="12" type="stmt"/>
      </file>
    </package>
    <package name="tests">
      <metrics statements="3" coveredstatements="3" conditionals="0" coveredconditionals="0" methods="0" coveredmethods="0"/>
      <file name="testData.js" path="E:\mySites\localist_viewer\tests\testData.js">
        <metrics statements="3" coveredstatements="3" conditionals="0" coveredconditionals="0" methods="0" coveredmethods="0"/>
        <line num="1" count="3" type="stmt"/>
        <line num="3" count="3" type="stmt"/>
        <line num="5" count="3" type="stmt"/>
      </file>
    </package>
  </project>
</coverage>
