{"E:\\mySites\\localist_viewer\\src\\js\\components\\addCal.jsx": {"path":"E:\\mySites\\localist_viewer\\src\\js\\components\\addCal.jsx","statementMap":{"0":{"start":{"line":6,"column":22},"end":{"line":34,"column":1}},"1":{"start":{"line":7,"column":23},"end":{"line":7,"column":45}},"2":{"start":{"line":8,"column":22},"end":{"line":8,"column":42}},"3":{"start":{"line":9,"column":17},"end":{"line":20,"column":5}},"4":{"start":{"line":21,"column":4},"end":{"line":33,"column":5}},"5":{"start":{"line":36,"column":18},"end":{"line":48,"column":1}},"6":{"start":{"line":37,"column":4},"end":{"line":47,"column":5}},"7":{"start":{"line":50,"column":24},"end":{"line":62,"column":1}},"8":{"start":{"line":51,"column":4},"end":{"line":61,"column":5}},"9":{"start":{"line":68,"column":15},"end":{"line":76,"column":1}},"10":{"start":{"line":69,"column":20},"end":{"line":69,"column":25}},"11":{"start":{"line":70,"column":4},"end":{"line":75,"column":5}},"12":{"start":{"line":78,"column":0},"end":{"line":80,"column":1}}},"fnMap":{"0":{"name":"(anonymous_0)","decl":{"start":{"line":6,"column":22},"end":{"line":6,"column":23}},"loc":{"start":{"line":6,"column":33},"end":{"line":34,"column":1}},"line":6},"1":{"name":"(anonymous_1)","decl":{"start":{"line":36,"column":18},"end":{"line":36,"column":19}},"loc":{"start":{"line":36,"column":27},"end":{"line":48,"column":1}},"line":36},"2":{"name":"(anonymous_2)","decl":{"start":{"line":50,"column":24},"end":{"line":50,"column":25}},"loc":{"start":{"line":50,"column":33},"end":{"line":62,"column":1}},"line":50},"3":{"name":"(anonymous_3)","decl":{"start":{"line":68,"column":15},"end":{"line":68,"column":16}},"loc":{"start":{"line":68,"column":24},"end":{"line":76,"column":1}},"line":68}},"branchMap":{},"s":{"0":2,"1":13,"2":13,"3":13,"4":13,"5":2,"6":13,"7":2,"8":13,"9":2,"10":13,"11":13,"12":2},"f":{"0":13,"1":13,"2":13,"3":13},"b":{},"_coverageSchema":"43e27e138ebf9cfc5966b082cf9a028302ed4184","hash":"219fdbc742bbc07e185a35055b0a09fad57680e0"}
,"E:\\mySites\\localist_viewer\\src\\js\\components\\classic.jsx": {"path":"E:\\mySites\\localist_viewer\\src\\js\\components\\classic.jsx","statementMap":{"0":{"start":{"line":8,"column":21},"end":{"line":34,"column":1}},"1":{"start":{"line":9,"column":31},"end":{"line":9,"column":36}},"2":{"start":{"line":10,"column":22},"end":{"line":10,"column":41}},"3":{"start":{"line":11,"column":17},"end":{"line":11,"column":36}},"4":{"start":{"line":12,"column":4},"end":{"line":33,"column":5}},"5":{"start":{"line":36,"column":0},"end":{"line":39,"column":2}},"6":{"start":{"line":41,"column":15},"end":{"line":66,"column":1}},"7":{"start":{"line":46,"column":24},"end":{"line":46,"column":29}},"8":{"start":{"line":48,"column":4},"end":{"line":64,"column":6}},"9":{"start":{"line":53,"column":24},"end":{"line":59,"column":25}},"10":{"start":{"line":68,"column":0},"end":{"line":73,"column":2}},"11":{"start":{"line":75,"column":0},"end":{"line":81,"column":2}}},"fnMap":{"0":{"name":"(anonymous_0)","decl":{"start":{"line":8,"column":21},"end":{"line":8,"column":22}},"loc":{"start":{"line":8,"column":30},"end":{"line":34,"column":1}},"line":8},"1":{"name":"(anonymous_1)","decl":{"start":{"line":41,"column":15},"end":{"line":41,"column":16}},"loc":{"start":{"line":41,"column":23},"end":{"line":66,"column":1}},"line":41},"2":{"name":"(anonymous_2)","decl":{"start":{"line":52,"column":34},"end":{"line":52,"column":35}},"loc":{"start":{"line":52,"column":43},"end":{"line":60,"column":21}},"line":52}},"branchMap":{"0":{"loc":{"start":{"line":24,"column":32},"end":{"line":26,"column":40}},"type":"cond-expr","locations":[{"start":{"line":25,"column":38},"end":{"line":25,"column":65}},{"start":{"line":26,"column":38},"end":{"line":26,"column":40}}],"line":24},"1":{"loc":{"start":{"line":51,"column":17},"end":{"line":61,"column":59}},"type":"cond-expr","locations":[{"start":{"line":52,"column":22},"end":{"line":60,"column":22}},{"start":{"line":61,"column":22},"end":{"line":61,"column":59}}],"line":51}},"s":{"0":1,"1":4,"2":4,"3":4,"4":4,"5":1,"6":1,"7":1,"8":1,"9":4,"10":1,"11":1},"f":{"0":4,"1":1,"2":4},"b":{"0":[4,0],"1":[1,0]},"_coverageSchema":"43e27e138ebf9cfc5966b082cf9a028302ed4184","hash":"c61089030344f33414eb9d1cf036f7ccce485588"}
,"E:\\mySites\\localist_viewer\\src\\js\\components\\compact.jsx": {"path":"E:\\mySites\\localist_viewer\\src\\js\\components\\compact.jsx","statementMap":{"0":{"start":{"line":18,"column":21},"end":{"line":58,"column":1}},"1":{"start":{"line":27,"column":8},"end":{"line":27,"column":13}},"2":{"start":{"line":28,"column":4},"end":{"line":57,"column":5}},"3":{"start":{"line":60,"column":0},"end":{"line":68,"column":2}},"4":{"start":{"line":70,"column":16},"end":{"line":122,"column":1}},"5":{"start":{"line":82,"column":8},"end":{"line":82,"column":13}},"6":{"start":{"line":83,"column":46},"end":{"line":83,"column":62}},"7":{"start":{"line":84,"column":23},"end":{"line":84,"column":65}},"8":{"start":{"line":85,"column":27},"end":{"line":85,"column":73}},"9":{"start":{"line":87,"column":4},"end":{"line":121,"column":6}},"10":{"start":{"line":100,"column":32},"end":{"line":114,"column":33}},"11":{"start":{"line":124,"column":0},"end":{"line":135,"column":2}},"12":{"start":{"line":137,"column":0},"end":{"line":148,"column":2}}},"fnMap":{"0":{"name":"(anonymous_0)","decl":{"start":{"line":18,"column":21},"end":{"line":18,"column":22}},"loc":{"start":{"line":18,"column":30},"end":{"line":58,"column":1}},"line":18},"1":{"name":"(anonymous_1)","decl":{"start":{"line":70,"column":16},"end":{"line":70,"column":17}},"loc":{"start":{"line":70,"column":27},"end":{"line":122,"column":1}},"line":70},"2":{"name":"(anonymous_2)","decl":{"start":{"line":99,"column":48},"end":{"line":99,"column":49}},"loc":{"start":{"line":99,"column":57},"end":{"line":115,"column":29}},"line":99}},"branchMap":{"0":{"loc":{"start":{"line":30,"column":14},"end":{"line":37,"column":18}},"type":"cond-expr","locations":[{"start":{"line":31,"column":18},"end":{"line":31,"column":20}},{"start":{"line":32,"column":18},"end":{"line":37,"column":18}}],"line":30},"1":{"loc":{"start":{"line":50,"column":24},"end":{"line":52,"column":54}},"type":"cond-expr","locations":[{"start":{"line":51,"column":30},"end":{"line":51,"column":32}},{"start":{"line":52,"column":30},"end":{"line":52,"column":54}}],"line":50},"2":{"loc":{"start":{"line":85,"column":27},"end":{"line":85,"column":73}},"type":"cond-expr","locations":[{"start":{"line":85,"column":53},"end":{"line":85,"column":68}},{"start":{"line":85,"column":71},"end":{"line":85,"column":73}}],"line":85},"3":{"loc":{"start":{"line":98,"column":25},"end":{"line":116,"column":67}},"type":"cond-expr","locations":[{"start":{"line":99,"column":30},"end":{"line":115,"column":30}},{"start":{"line":116,"column":30},"end":{"line":116,"column":67}}],"line":98}},"s":{"0":1,"1":4,"2":4,"3":1,"4":1,"5":1,"6":1,"7":1,"8":1,"9":1,"10":4,"11":1,"12":1},"f":{"0":4,"1":1,"2":4},"b":{"0":[4,0],"1":[4,0],"2":[0,1],"3":[1,0]},"_coverageSchema":"43e27e138ebf9cfc5966b082cf9a028302ed4184","hash":"2c735cc598683230aec938971e3e68a8affe338e"}
,"E:\\mySites\\localist_viewer\\src\\js\\components\\filter.jsx": {"path":"E:\\mySites\\localist_viewer\\src\\js\\components\\filter.jsx","statementMap":{"0":{"start":{"line":16,"column":21},"end":{"line":82,"column":1}},"1":{"start":{"line":17,"column":62},"end":{"line":17,"column":67}},"2":{"start":{"line":18,"column":4},"end":{"line":20,"column":5}},"3":{"start":{"line":19,"column":8},"end":{"line":19,"column":18}},"4":{"start":{"line":21,"column":23},"end":{"line":21,"column":46}},"5":{"start":{"line":22,"column":32},"end":{"line":22,"column":53}},"6":{"start":{"line":24,"column":24},"end":{"line":43,"column":5}},"7":{"start":{"line":25,"column":8},"end":{"line":42,"column":9}},"8":{"start":{"line":26,"column":12},"end":{"line":26,"column":38}},"9":{"start":{"line":28,"column":28},"end":{"line":40,"column":14}},"10":{"start":{"line":29,"column":28},"end":{"line":29,"column":51}},"11":{"start":{"line":30,"column":38},"end":{"line":30,"column":67}},"12":{"start":{"line":31,"column":32},"end":{"line":31,"column":55}},"13":{"start":{"line":32,"column":16},"end":{"line":34,"column":17}},"14":{"start":{"line":33,"column":20},"end":{"line":33,"column":33}},"15":{"start":{"line":34,"column":17},"end":{"line":36,"column":17}},"16":{"start":{"line":35,"column":20},"end":{"line":35,"column":33}},"17":{"start":{"line":36,"column":18},"end":{"line":38,"column":17}},"18":{"start":{"line":37,"column":20},"end":{"line":37,"column":33}},"19":{"start":{"line":39,"column":16},"end":{"line":39,"column":28}},"20":{"start":{"line":41,"column":12},"end":{"line":41,"column":39}},"21":{"start":{"line":45,"column":4},"end":{"line":81,"column":5}},"22":{"start":{"line":55,"column":40},"end":{"line":55,"column":74}},"23":{"start":{"line":56,"column":28},"end":{"line":56,"column":45}},"24":{"start":{"line":57,"column":28},"end":{"line":57,"column":50}},"25":{"start":{"line":62,"column":32},"end":{"line":62,"column":47}},"26":{"start":{"line":63,"column":39},"end":{"line":63,"column":42}},"27":{"start":{"line":64,"column":37},"end":{"line":64,"column":50}},"28":{"start":{"line":65,"column":20},"end":{"line":77,"column":21}},"29":{"start":{"line":72,"column":36},"end":{"line":72,"column":53}},"30":{"start":{"line":73,"column":36},"end":{"line":73,"column":56}},"31":{"start":{"line":84,"column":0},"end":{"line":90,"column":1}}},"fnMap":{"0":{"name":"(anonymous_0)","decl":{"start":{"line":16,"column":21},"end":{"line":16,"column":22}},"loc":{"start":{"line":16,"column":30},"end":{"line":82,"column":1}},"line":16},"1":{"name":"(anonymous_1)","decl":{"start":{"line":24,"column":24},"end":{"line":24,"column":25}},"loc":{"start":{"line":24,"column":31},"end":{"line":43,"column":5}},"line":24},"2":{"name":"(anonymous_2)","decl":{"start":{"line":28,"column":43},"end":{"line":28,"column":44}},"loc":{"start":{"line":28,"column":52},"end":{"line":40,"column":13}},"line":28},"3":{"name":"(anonymous_3)","decl":{"start":{"line":54,"column":39},"end":{"line":54,"column":40}},"loc":{"start":{"line":54,"column":43},"end":{"line":58,"column":25}},"line":54},"4":{"name":"(anonymous_4)","decl":{"start":{"line":61,"column":32},"end":{"line":61,"column":33}},"loc":{"start":{"line":61,"column":39},"end":{"line":78,"column":17}},"line":61},"5":{"name":"(anonymous_5)","decl":{"start":{"line":71,"column":47},"end":{"line":71,"column":48}},"loc":{"start":{"line":71,"column":51},"end":{"line":74,"column":33}},"line":71}},"branchMap":{"0":{"loc":{"start":{"line":18,"column":4},"end":{"line":20,"column":5}},"type":"if","locations":[{"start":{"line":18,"column":4},"end":{"line":20,"column":5}},{"start":{"line":18,"column":4},"end":{"line":20,"column":5}}],"line":18},"1":{"loc":{"start":{"line":25,"column":8},"end":{"line":42,"column":9}},"type":"if","locations":[{"start":{"line":25,"column":8},"end":{"line":42,"column":9}},{"start":{"line":25,"column":8},"end":{"line":42,"column":9}}],"line":25},"2":{"loc":{"start":{"line":32,"column":16},"end":{"line":34,"column":17}},"type":"if","locations":[{"start":{"line":32,"column":16},"end":{"line":34,"column":17}},{"start":{"line":32,"column":16},"end":{"line":34,"column":17}}],"line":32},"3":{"loc":{"start":{"line":32,"column":20},"end":{"line":32,"column":63}},"type":"binary-expr","locations":[{"start":{"line":32,"column":20},"end":{"line":32,"column":39}},{"start":{"line":32,"column":43},"end":{"line":32,"column":63}}],"line":32},"4":{"loc":{"start":{"line":34,"column":17},"end":{"line":36,"column":17}},"type":"if","locations":[{"start":{"line":34,"column":17},"end":{"line":36,"column":17}},{"start":{"line":34,"column":17},"end":{"line":36,"column":17}}],"line":34},"5":{"loc":{"start":{"line":34,"column":21},"end":{"line":34,"column":74}},"type":"binary-expr","locations":[{"start":{"line":34,"column":21},"end":{"line":34,"column":40}},{"start":{"line":34,"column":44},"end":{"line":34,"column":74}}],"line":34},"6":{"loc":{"start":{"line":36,"column":18},"end":{"line":38,"column":17}},"type":"if","locations":[{"start":{"line":36,"column":18},"end":{"line":38,"column":17}},{"start":{"line":36,"column":18},"end":{"line":38,"column":17}}],"line":36},"7":{"loc":{"start":{"line":36,"column":22},"end":{"line":36,"column":66}},"type":"binary-expr","locations":[{"start":{"line":36,"column":22},"end":{"line":36,"column":42}},{"start":{"line":36,"column":46},"end":{"line":36,"column":66}}],"line":36}},"s":{"0":2,"1":5,"2":5,"3":1,"4":4,"5":4,"6":4,"7":0,"8":0,"9":0,"10":0,"11":0,"12":0,"13":0,"14":0,"15":0,"16":0,"17":0,"18":0,"19":0,"20":0,"21":4,"22":0,"23":0,"24":0,"25":25,"26":25,"27":25,"28":25,"29":0,"30":0,"31":2},"f":{"0":5,"1":0,"2":0,"3":0,"4":25,"5":0},"b":{"0":[1,4],"1":[0,0],"2":[0,0],"3":[0,0],"4":[0,0],"5":[0,0],"6":[0,0],"7":[0,0]},"_coverageSchema":"43e27e138ebf9cfc5966b082cf9a028302ed4184","hash":"e550cbc7166906b16e2ca0d6b9de4b92466099c2"}
,"E:\\mySites\\localist_viewer\\src\\js\\components\\inline_compact.jsx": {"path":"E:\\mySites\\localist_viewer\\src\\js\\components\\inline_compact.jsx","statementMap":{"0":{"start":{"line":10,"column":27},"end":{"line":53,"column":1}},"1":{"start":{"line":11,"column":31},"end":{"line":11,"column":36}},"2":{"start":{"line":12,"column":22},"end":{"line":12,"column":41}},"3":{"start":{"line":13,"column":20},"end":{"line":13,"column":42}},"4":{"start":{"line":15,"column":32},"end":{"line":24,"column":5}},"5":{"start":{"line":16,"column":8},"end":{"line":23,"column":9}},"6":{"start":{"line":17,"column":12},"end":{"line":22,"column":13}},"7":{"start":{"line":26,"column":4},"end":{"line":52,"column":5}},"8":{"start":{"line":55,"column":0},"end":{"line":58,"column":2}},"9":{"start":{"line":60,"column":21},"end":{"line":89,"column":1}},"10":{"start":{"line":65,"column":24},"end":{"line":65,"column":29}},"11":{"start":{"line":67,"column":4},"end":{"line":87,"column":6}},"12":{"start":{"line":74,"column":32},"end":{"line":80,"column":33}},"13":{"start":{"line":91,"column":0},"end":{"line":96,"column":2}},"14":{"start":{"line":98,"column":0},"end":{"line":104,"column":2}}},"fnMap":{"0":{"name":"(anonymous_0)","decl":{"start":{"line":10,"column":27},"end":{"line":10,"column":28}},"loc":{"start":{"line":10,"column":36},"end":{"line":53,"column":1}},"line":10},"1":{"name":"(anonymous_1)","decl":{"start":{"line":15,"column":32},"end":{"line":15,"column":33}},"loc":{"start":{"line":15,"column":47},"end":{"line":24,"column":5}},"line":15},"2":{"name":"(anonymous_2)","decl":{"start":{"line":60,"column":21},"end":{"line":60,"column":22}},"loc":{"start":{"line":60,"column":29},"end":{"line":89,"column":1}},"line":60},"3":{"name":"(anonymous_3)","decl":{"start":{"line":73,"column":42},"end":{"line":73,"column":43}},"loc":{"start":{"line":73,"column":51},"end":{"line":81,"column":29}},"line":73}},"branchMap":{"0":{"loc":{"start":{"line":16,"column":8},"end":{"line":23,"column":9}},"type":"if","locations":[{"start":{"line":16,"column":8},"end":{"line":23,"column":9}},{"start":{"line":16,"column":8},"end":{"line":23,"column":9}}],"line":16},"1":{"loc":{"start":{"line":44,"column":40},"end":{"line":44,"column":70}},"type":"cond-expr","locations":[{"start":{"line":44,"column":50},"end":{"line":44,"column":65}},{"start":{"line":44,"column":68},"end":{"line":44,"column":70}}],"line":44},"2":{"loc":{"start":{"line":72,"column":25},"end":{"line":82,"column":67}},"type":"cond-expr","locations":[{"start":{"line":73,"column":30},"end":{"line":81,"column":30}},{"start":{"line":82,"column":30},"end":{"line":82,"column":67}}],"line":72}},"s":{"0":1,"1":4,"2":4,"3":4,"4":4,"5":4,"6":4,"7":4,"8":1,"9":1,"10":1,"11":1,"12":4,"13":1,"14":1},"f":{"0":4,"1":4,"2":1,"3":4},"b":{"0":[4,0],"1":[4,0],"2":[1,0]},"_coverageSchema":"43e27e138ebf9cfc5966b082cf9a028302ed4184","hash":"42975c112bad70b75d8ce820fa14d9b751acd739"}
,"E:\\mySites\\localist_viewer\\src\\js\\components\\modern_compact.jsx": {"path":"E:\\mySites\\localist_viewer\\src\\js\\components\\modern_compact.jsx","statementMap":{"0":{"start":{"line":15,"column":27},"end":{"line":70,"column":1}},"1":{"start":{"line":22,"column":27},"end":{"line":22,"column":32}},"2":{"start":{"line":23,"column":22},"end":{"line":23,"column":41}},"3":{"start":{"line":25,"column":4},"end":{"line":69,"column":5}},"4":{"start":{"line":72,"column":0},"end":{"line":79,"column":2}},"5":{"start":{"line":81,"column":21},"end":{"line":130,"column":1}},"6":{"start":{"line":91,"column":24},"end":{"line":91,"column":29}},"7":{"start":{"line":92,"column":46},"end":{"line":92,"column":62}},"8":{"start":{"line":93,"column":23},"end":{"line":93,"column":65}},"9":{"start":{"line":94,"column":27},"end":{"line":94,"column":73}},"10":{"start":{"line":95,"column":4},"end":{"line":128,"column":6}},"11":{"start":{"line":108,"column":32},"end":{"line":121,"column":33}},"12":{"start":{"line":132,"column":0},"end":{"line":142,"column":2}},"13":{"start":{"line":144,"column":0},"end":{"line":154,"column":2}}},"fnMap":{"0":{"name":"(anonymous_0)","decl":{"start":{"line":15,"column":27},"end":{"line":15,"column":28}},"loc":{"start":{"line":15,"column":36},"end":{"line":70,"column":1}},"line":15},"1":{"name":"(anonymous_1)","decl":{"start":{"line":81,"column":21},"end":{"line":81,"column":22}},"loc":{"start":{"line":81,"column":29},"end":{"line":130,"column":1}},"line":81},"2":{"name":"(anonymous_2)","decl":{"start":{"line":107,"column":48},"end":{"line":107,"column":49}},"loc":{"start":{"line":107,"column":57},"end":{"line":122,"column":29}},"line":107}},"branchMap":{"0":{"loc":{"start":{"line":50,"column":41},"end":{"line":50,"column":94}},"type":"cond-expr","locations":[{"start":{"line":50,"column":63},"end":{"line":50,"column":89}},{"start":{"line":50,"column":92},"end":{"line":50,"column":94}}],"line":50},"1":{"loc":{"start":{"line":55,"column":30},"end":{"line":57,"column":36}},"type":"cond-expr","locations":[{"start":{"line":56,"column":34},"end":{"line":56,"column":74}},{"start":{"line":57,"column":34},"end":{"line":57,"column":36}}],"line":55},"2":{"loc":{"start":{"line":62,"column":20},"end":{"line":64,"column":28}},"type":"cond-expr","locations":[{"start":{"line":63,"column":26},"end":{"line":63,"column":50}},{"start":{"line":64,"column":26},"end":{"line":64,"column":28}}],"line":62},"3":{"loc":{"start":{"line":94,"column":27},"end":{"line":94,"column":73}},"type":"cond-expr","locations":[{"start":{"line":94,"column":53},"end":{"line":94,"column":68}},{"start":{"line":94,"column":71},"end":{"line":94,"column":73}}],"line":94},"4":{"loc":{"start":{"line":106,"column":25},"end":{"line":123,"column":67}},"type":"cond-expr","locations":[{"start":{"line":107,"column":30},"end":{"line":122,"column":30}},{"start":{"line":123,"column":30},"end":{"line":123,"column":67}}],"line":106}},"s":{"0":1,"1":4,"2":4,"3":4,"4":1,"5":1,"6":1,"7":1,"8":1,"9":1,"10":1,"11":4,"12":1,"13":1},"f":{"0":4,"1":1,"2":4},"b":{"0":[4,0],"1":[4,0],"2":[4,0],"3":[0,1],"4":[1,0]},"_coverageSchema":"43e27e138ebf9cfc5966b082cf9a028302ed4184","hash":"d0863ad32b56b1f869481c97691b808e20f25096"}
,"E:\\mySites\\localist_viewer\\src\\js\\components\\modern_standard.jsx": {"path":"E:\\mySites\\localist_viewer\\src\\js\\components\\modern_standard.jsx","statementMap":{"0":{"start":{"line":15,"column":28},"end":{"line":89,"column":1}},"1":{"start":{"line":24,"column":11},"end":{"line":24,"column":16}},"2":{"start":{"line":31,"column":19},"end":{"line":39,"column":5}},"3":{"start":{"line":33,"column":8},"end":{"line":37,"column":9}},"4":{"start":{"line":34,"column":12},"end":{"line":36,"column":15}},"5":{"start":{"line":35,"column":16},"end":{"line":35,"column":98}},"6":{"start":{"line":38,"column":8},"end":{"line":38,"column":23}},"7":{"start":{"line":41,"column":22},"end":{"line":41,"column":41}},"8":{"start":{"line":43,"column":4},"end":{"line":88,"column":5}},"9":{"start":{"line":91,"column":0},"end":{"line":98,"column":2}},"10":{"start":{"line":100,"column":22},"end":{"line":150,"column":1}},"11":{"start":{"line":111,"column":8},"end":{"line":111,"column":13}},"12":{"start":{"line":112,"column":46},"end":{"line":112,"column":62}},"13":{"start":{"line":113,"column":23},"end":{"line":113,"column":65}},"14":{"start":{"line":114,"column":27},"end":{"line":114,"column":73}},"15":{"start":{"line":115,"column":4},"end":{"line":148,"column":6}},"16":{"start":{"line":128,"column":32},"end":{"line":141,"column":33}},"17":{"start":{"line":152,"column":0},"end":{"line":162,"column":2}},"18":{"start":{"line":164,"column":0},"end":{"line":174,"column":2}}},"fnMap":{"0":{"name":"(anonymous_0)","decl":{"start":{"line":15,"column":28},"end":{"line":15,"column":29}},"loc":{"start":{"line":15,"column":37},"end":{"line":89,"column":1}},"line":15},"1":{"name":"(anonymous_1)","decl":{"start":{"line":31,"column":19},"end":{"line":31,"column":20}},"loc":{"start":{"line":31,"column":33},"end":{"line":39,"column":5}},"line":31},"2":{"name":"(anonymous_2)","decl":{"start":{"line":34,"column":37},"end":{"line":34,"column":38}},"loc":{"start":{"line":34,"column":48},"end":{"line":36,"column":13}},"line":34},"3":{"name":"(anonymous_3)","decl":{"start":{"line":100,"column":22},"end":{"line":100,"column":23}},"loc":{"start":{"line":100,"column":30},"end":{"line":150,"column":1}},"line":100},"4":{"name":"(anonymous_4)","decl":{"start":{"line":127,"column":48},"end":{"line":127,"column":49}},"loc":{"start":{"line":127,"column":57},"end":{"line":142,"column":29}},"line":127}},"branchMap":{"0":{"loc":{"start":{"line":33,"column":8},"end":{"line":37,"column":9}},"type":"if","locations":[{"start":{"line":33,"column":8},"end":{"line":37,"column":9}},{"start":{"line":33,"column":8},"end":{"line":37,"column":9}}],"line":33},"1":{"loc":{"start":{"line":62,"column":41},"end":{"line":62,"column":94}},"type":"cond-expr","locations":[{"start":{"line":62,"column":63},"end":{"line":62,"column":89}},{"start":{"line":62,"column":92},"end":{"line":62,"column":94}}],"line":62},"2":{"loc":{"start":{"line":74,"column":30},"end":{"line":76,"column":36}},"type":"cond-expr","locations":[{"start":{"line":75,"column":34},"end":{"line":75,"column":89}},{"start":{"line":76,"column":34},"end":{"line":76,"column":36}}],"line":74},"3":{"loc":{"start":{"line":81,"column":20},"end":{"line":83,"column":28}},"type":"cond-expr","locations":[{"start":{"line":82,"column":26},"end":{"line":82,"column":50}},{"start":{"line":83,"column":26},"end":{"line":83,"column":28}}],"line":81},"4":{"loc":{"start":{"line":114,"column":27},"end":{"line":114,"column":73}},"type":"cond-expr","locations":[{"start":{"line":114,"column":53},"end":{"line":114,"column":68}},{"start":{"line":114,"column":71},"end":{"line":114,"column":73}}],"line":114},"5":{"loc":{"start":{"line":126,"column":25},"end":{"line":143,"column":67}},"type":"cond-expr","locations":[{"start":{"line":127,"column":30},"end":{"line":142,"column":30}},{"start":{"line":143,"column":30},"end":{"line":143,"column":67}}],"line":126}},"s":{"0":1,"1":4,"2":4,"3":4,"4":4,"5":4,"6":4,"7":4,"8":4,"9":1,"10":1,"11":1,"12":1,"13":1,"14":1,"15":1,"16":4,"17":1,"18":1},"f":{"0":4,"1":4,"2":4,"3":1,"4":4},"b":{"0":[4,0],"1":[4,0],"2":[4,0],"3":[4,0],"4":[0,1],"5":[1,0]},"_coverageSchema":"43e27e138ebf9cfc5966b082cf9a028302ed4184","hash":"7f8f0509afbb792675406b160d540f2f404fd84b"}
,"E:\\mySites\\localist_viewer\\src\\js\\components\\partials.jsx": {"path":"E:\\mySites\\localist_viewer\\src\\js\\components\\partials.jsx","statementMap":{"0":{"start":{"line":4,"column":19},"end":{"line":17,"column":1}},"1":{"start":{"line":5,"column":25},"end":{"line":5,"column":30}},"2":{"start":{"line":6,"column":4},"end":{"line":16,"column":5}},"3":{"start":{"line":19,"column":0},"end":{"line":22,"column":2}},"4":{"start":{"line":24,"column":18},"end":{"line":33,"column":1}},"5":{"start":{"line":25,"column":19},"end":{"line":25,"column":24}},"6":{"start":{"line":26,"column":4},"end":{"line":32,"column":6}},"7":{"start":{"line":35,"column":0},"end":{"line":37,"column":2}},"8":{"start":{"line":39,"column":22},"end":{"line":46,"column":1}},"9":{"start":{"line":40,"column":27},"end":{"line":40,"column":32}},"10":{"start":{"line":41,"column":4},"end":{"line":43,"column":5}},"11":{"start":{"line":42,"column":8},"end":{"line":42,"column":64}},"12":{"start":{"line":44,"column":8},"end":{"line":44,"column":18}},"13":{"start":{"line":47,"column":0},"end":{"line":49,"column":2}},"14":{"start":{"line":50,"column":0},"end":{"line":52,"column":1}},"15":{"start":{"line":54,"column":17},"end":{"line":69,"column":1}},"16":{"start":{"line":55,"column":53},"end":{"line":55,"column":58}},"17":{"start":{"line":56,"column":18},"end":{"line":56,"column":62}},"18":{"start":{"line":57,"column":4},"end":{"line":59,"column":5}},"19":{"start":{"line":58,"column":8},"end":{"line":58,"column":18}},"20":{"start":{"line":60,"column":4},"end":{"line":67,"column":6}},"21":{"start":{"line":71,"column":0},"end":{"line":76,"column":2}},"22":{"start":{"line":77,"column":0},"end":{"line":80,"column":1}},"23":{"start":{"line":82,"column":23},"end":{"line":98,"column":1}},"24":{"start":{"line":83,"column":53},"end":{"line":83,"column":58}},"25":{"start":{"line":84,"column":4},"end":{"line":86,"column":5}},"26":{"start":{"line":85,"column":8},"end":{"line":85,"column":18}},"27":{"start":{"line":87,"column":4},"end":{"line":97,"column":6}},"28":{"start":{"line":100,"column":0},"end":{"line":105,"column":2}},"29":{"start":{"line":106,"column":0},"end":{"line":109,"column":1}},"30":{"start":{"line":111,"column":25},"end":{"line":140,"column":1}},"31":{"start":{"line":112,"column":55},"end":{"line":112,"column":60}},"32":{"start":{"line":114,"column":28},"end":{"line":122,"column":8}},"33":{"start":{"line":124,"column":4},"end":{"line":139,"column":5}},"34":{"start":{"line":142,"column":0},"end":{"line":147,"column":2}},"35":{"start":{"line":149,"column":0},"end":{"line":151,"column":1}},"36":{"start":{"line":153,"column":19},"end":{"line":168,"column":1}},"37":{"start":{"line":154,"column":25},"end":{"line":154,"column":30}},"38":{"start":{"line":155,"column":4},"end":{"line":164,"column":5}},"39":{"start":{"line":156,"column":8},"end":{"line":163,"column":9}},"40":{"start":{"line":160,"column":20},"end":{"line":160,"column":42}},"41":{"start":{"line":166,"column":8},"end":{"line":166,"column":18}},"42":{"start":{"line":169,"column":0},"end":{"line":171,"column":2}},"43":{"start":{"line":173,"column":0},"end":{"line":175,"column":1}},"44":{"start":{"line":177,"column":20},"end":{"line":188,"column":1}},"45":{"start":{"line":178,"column":51},"end":{"line":178,"column":56}},"46":{"start":{"line":179,"column":4},"end":{"line":187,"column":5}},"47":{"start":{"line":189,"column":0},"end":{"line":194,"column":2}},"48":{"start":{"line":196,"column":0},"end":{"line":198,"column":1}}},"fnMap":{"0":{"name":"(anonymous_0)","decl":{"start":{"line":4,"column":19},"end":{"line":4,"column":20}},"loc":{"start":{"line":4,"column":28},"end":{"line":17,"column":1}},"line":4},"1":{"name":"(anonymous_1)","decl":{"start":{"line":24,"column":18},"end":{"line":24,"column":19}},"loc":{"start":{"line":24,"column":27},"end":{"line":33,"column":1}},"line":24},"2":{"name":"(anonymous_2)","decl":{"start":{"line":39,"column":22},"end":{"line":39,"column":23}},"loc":{"start":{"line":39,"column":31},"end":{"line":46,"column":1}},"line":39},"3":{"name":"(anonymous_3)","decl":{"start":{"line":54,"column":17},"end":{"line":54,"column":18}},"loc":{"start":{"line":54,"column":26},"end":{"line":69,"column":1}},"line":54},"4":{"name":"(anonymous_4)","decl":{"start":{"line":82,"column":23},"end":{"line":82,"column":24}},"loc":{"start":{"line":82,"column":32},"end":{"line":98,"column":1}},"line":82},"5":{"name":"(anonymous_5)","decl":{"start":{"line":111,"column":25},"end":{"line":111,"column":26}},"loc":{"start":{"line":111,"column":33},"end":{"line":140,"column":1}},"line":111},"6":{"name":"(anonymous_6)","decl":{"start":{"line":153,"column":19},"end":{"line":153,"column":20}},"loc":{"start":{"line":153,"column":28},"end":{"line":168,"column":1}},"line":153},"7":{"name":"(anonymous_7)","decl":{"start":{"line":159,"column":32},"end":{"line":159,"column":33}},"loc":{"start":{"line":159,"column":46},"end":{"line":161,"column":17}},"line":159},"8":{"name":"(anonymous_8)","decl":{"start":{"line":177,"column":20},"end":{"line":177,"column":21}},"loc":{"start":{"line":177,"column":29},"end":{"line":188,"column":1}},"line":177}},"branchMap":{"0":{"loc":{"start":{"line":41,"column":4},"end":{"line":43,"column":5}},"type":"if","locations":[{"start":{"line":41,"column":4},"end":{"line":43,"column":5}},{"start":{"line":41,"column":4},"end":{"line":43,"column":5}}],"line":41},"1":{"loc":{"start":{"line":57,"column":4},"end":{"line":59,"column":5}},"type":"if","locations":[{"start":{"line":57,"column":4},"end":{"line":59,"column":5}},{"start":{"line":57,"column":4},"end":{"line":59,"column":5}}],"line":57},"2":{"loc":{"start":{"line":84,"column":4},"end":{"line":86,"column":5}},"type":"if","locations":[{"start":{"line":84,"column":4},"end":{"line":86,"column":5}},{"start":{"line":84,"column":4},"end":{"line":86,"column":5}}],"line":84},"3":{"loc":{"start":{"line":128,"column":20},"end":{"line":130,"column":37}},"type":"cond-expr","locations":[{"start":{"line":129,"column":26},"end":{"line":129,"column":28}},{"start":{"line":130,"column":26},"end":{"line":130,"column":37}}],"line":128},"4":{"loc":{"start":{"line":133,"column":20},"end":{"line":135,"column":41}},"type":"cond-expr","locations":[{"start":{"line":134,"column":26},"end":{"line":134,"column":28}},{"start":{"line":135,"column":26},"end":{"line":135,"column":41}}],"line":133},"5":{"loc":{"start":{"line":155,"column":4},"end":{"line":164,"column":5}},"type":"if","locations":[{"start":{"line":155,"column":4},"end":{"line":164,"column":5}},{"start":{"line":155,"column":4},"end":{"line":164,"column":5}}],"line":155},"6":{"loc":{"start":{"line":182,"column":37},"end":{"line":182,"column":72}},"type":"cond-expr","locations":[{"start":{"line":182,"column":59},"end":{"line":182,"column":67}},{"start":{"line":182,"column":70},"end":{"line":182,"column":72}}],"line":182}},"s":{"0":2,"1":8,"2":8,"3":2,"4":2,"5":8,"6":8,"7":2,"8":2,"9":8,"10":8,"11":8,"12":0,"13":2,"14":2,"15":2,"16":12,"17":12,"18":12,"19":0,"20":12,"21":2,"22":2,"23":2,"24":8,"25":8,"26":0,"27":8,"28":2,"29":2,"30":2,"31":8,"32":8,"33":8,"34":2,"35":2,"36":2,"37":4,"38":4,"39":4,"40":4,"41":0,"42":2,"43":2,"44":2,"45":30,"46":30,"47":2,"48":2},"f":{"0":8,"1":8,"2":8,"3":12,"4":8,"5":8,"6":4,"7":4,"8":30},"b":{"0":[8,0],"1":[0,12],"2":[0,8],"3":[4,4],"4":[4,4],"5":[4,0],"6":[4,26]},"_coverageSchema":"43e27e138ebf9cfc5966b082cf9a028302ed4184","hash":"3993844f790bfd837889d0cea52894ddb3b6db25"}
,"E:\\mySites\\localist_viewer\\src\\js\\components\\standard.jsx": {"path":"E:\\mySites\\localist_viewer\\src\\js\\components\\standard.jsx","statementMap":{"0":{"start":{"line":22,"column":22},"end":{"line":70,"column":1}},"1":{"start":{"line":32,"column":8},"end":{"line":32,"column":13}},"2":{"start":{"line":34,"column":4},"end":{"line":69,"column":5}},"3":{"start":{"line":72,"column":0},"end":{"line":81,"column":2}},"4":{"start":{"line":83,"column":17},"end":{"line":165,"column":1}},"5":{"start":{"line":95,"column":8},"end":{"line":95,"column":13}},"6":{"start":{"line":96,"column":46},"end":{"line":96,"column":62}},"7":{"start":{"line":98,"column":23},"end":{"line":98,"column":65}},"8":{"start":{"line":99,"column":27},"end":{"line":99,"column":73}},"9":{"start":{"line":100,"column":20},"end":{"line":100,"column":22}},"10":{"start":{"line":101,"column":18},"end":{"line":101,"column":20}},"11":{"start":{"line":103,"column":21},"end":{"line":112,"column":5}},"12":{"start":{"line":104,"column":22},"end":{"line":104,"column":43}},"13":{"start":{"line":105,"column":8},"end":{"line":110,"column":9}},"14":{"start":{"line":106,"column":12},"end":{"line":106,"column":30}},"15":{"start":{"line":107,"column":12},"end":{"line":109,"column":13}},"16":{"start":{"line":111,"column":8},"end":{"line":111,"column":18}},"17":{"start":{"line":114,"column":19},"end":{"line":126,"column":5}},"18":{"start":{"line":115,"column":28},"end":{"line":115,"column":59}},"19":{"start":{"line":116,"column":8},"end":{"line":124,"column":9}},"20":{"start":{"line":117,"column":12},"end":{"line":117,"column":34}},"21":{"start":{"line":118,"column":12},"end":{"line":123,"column":13}},"22":{"start":{"line":125,"column":8},"end":{"line":125,"column":18}},"23":{"start":{"line":128,"column":4},"end":{"line":164,"column":6}},"24":{"start":{"line":141,"column":32},"end":{"line":158,"column":33}},"25":{"start":{"line":167,"column":0},"end":{"line":178,"column":2}},"26":{"start":{"line":180,"column":0},"end":{"line":190,"column":2}}},"fnMap":{"0":{"name":"(anonymous_0)","decl":{"start":{"line":22,"column":22},"end":{"line":22,"column":23}},"loc":{"start":{"line":22,"column":31},"end":{"line":70,"column":1}},"line":22},"1":{"name":"(anonymous_1)","decl":{"start":{"line":83,"column":17},"end":{"line":83,"column":18}},"loc":{"start":{"line":83,"column":28},"end":{"line":165,"column":1}},"line":83},"2":{"name":"(anonymous_2)","decl":{"start":{"line":103,"column":21},"end":{"line":103,"column":22}},"loc":{"start":{"line":103,"column":30},"end":{"line":112,"column":5}},"line":103},"3":{"name":"(anonymous_3)","decl":{"start":{"line":114,"column":19},"end":{"line":114,"column":20}},"loc":{"start":{"line":114,"column":40},"end":{"line":126,"column":5}},"line":114},"4":{"name":"(anonymous_4)","decl":{"start":{"line":140,"column":48},"end":{"line":140,"column":49}},"loc":{"start":{"line":140,"column":57},"end":{"line":158,"column":34}},"line":140}},"branchMap":{"0":{"loc":{"start":{"line":49,"column":22},"end":{"line":56,"column":26}},"type":"cond-expr","locations":[{"start":{"line":50,"column":26},"end":{"line":50,"column":28}},{"start":{"line":51,"column":26},"end":{"line":56,"column":26}}],"line":49},"1":{"loc":{"start":{"line":63,"column":22},"end":{"line":65,"column":50}},"type":"cond-expr","locations":[{"start":{"line":64,"column":26},"end":{"line":64,"column":28}},{"start":{"line":65,"column":26},"end":{"line":65,"column":50}}],"line":63},"2":{"loc":{"start":{"line":99,"column":27},"end":{"line":99,"column":73}},"type":"cond-expr","locations":[{"start":{"line":99,"column":53},"end":{"line":99,"column":68}},{"start":{"line":99,"column":71},"end":{"line":99,"column":73}}],"line":99},"3":{"loc":{"start":{"line":105,"column":8},"end":{"line":110,"column":9}},"type":"if","locations":[{"start":{"line":105,"column":8},"end":{"line":110,"column":9}},{"start":{"line":105,"column":8},"end":{"line":110,"column":9}}],"line":105},"4":{"loc":{"start":{"line":116,"column":8},"end":{"line":124,"column":9}},"type":"if","locations":[{"start":{"line":116,"column":8},"end":{"line":124,"column":9}},{"start":{"line":116,"column":8},"end":{"line":124,"column":9}}],"line":116},"5":{"loc":{"start":{"line":139,"column":26},"end":{"line":159,"column":67}},"type":"cond-expr","locations":[{"start":{"line":140,"column":30},"end":{"line":158,"column":35}},{"start":{"line":159,"column":30},"end":{"line":159,"column":67}}],"line":139}},"s":{"0":1,"1":4,"2":4,"3":1,"4":1,"5":1,"6":1,"7":1,"8":1,"9":1,"10":1,"11":1,"12":4,"13":4,"14":2,"15":2,"16":2,"17":1,"18":4,"19":4,"20":3,"21":3,"22":1,"23":1,"24":4,"25":1,"26":1},"f":{"0":4,"1":1,"2":4,"3":4,"4":4},"b":{"0":[0,4],"1":[0,4],"2":[0,1],"3":[2,2],"4":[3,1],"5":[1,0]},"_coverageSchema":"43e27e138ebf9cfc5966b082cf9a028302ed4184","hash":"46cedf860a62642d3a4a7c19ba7e5829d785ecd3"}
,"E:\\mySites\\localist_viewer\\src\\js\\helpers\\buildEventWrapperFilters.js": {"path":"E:\\mySites\\localist_viewer\\src\\js\\helpers\\buildEventWrapperFilters.js","statementMap":{"0":{"start":{"line":9,"column":33},"end":{"line":53,"column":1}},"1":{"start":{"line":10,"column":20},"end":{"line":10,"column":22}},"2":{"start":{"line":11,"column":4},"end":{"line":50,"column":6}},"3":{"start":{"line":12,"column":24},"end":{"line":12,"column":32}},"4":{"start":{"line":13,"column":26},"end":{"line":13,"column":45}},"5":{"start":{"line":14,"column":24},"end":{"line":14,"column":41}},"6":{"start":{"line":15,"column":8},"end":{"line":49,"column":9}},"7":{"start":{"line":19,"column":26},"end":{"line":19,"column":51}},"8":{"start":{"line":20,"column":12},"end":{"line":26,"column":14}},"9":{"start":{"line":21,"column":16},"end":{"line":25,"column":18}},"10":{"start":{"line":28,"column":15},"end":{"line":49,"column":9}},"11":{"start":{"line":32,"column":34},"end":{"line":32,"column":47}},"12":{"start":{"line":33,"column":12},"end":{"line":39,"column":14}},"13":{"start":{"line":34,"column":16},"end":{"line":38,"column":18}},"14":{"start":{"line":40,"column":15},"end":{"line":49,"column":9}},"15":{"start":{"line":44,"column":12},"end":{"line":48,"column":14}},"16":{"start":{"line":51,"column":4},"end":{"line":51,"column":18}}},"fnMap":{"0":{"name":"(anonymous_0)","decl":{"start":{"line":9,"column":33},"end":{"line":9,"column":34}},"loc":{"start":{"line":9,"column":55},"end":{"line":53,"column":1}},"line":9},"1":{"name":"(anonymous_1)","decl":{"start":{"line":11,"column":16},"end":{"line":11,"column":17}},"loc":{"start":{"line":11,"column":28},"end":{"line":50,"column":5}},"line":11},"2":{"name":"(anonymous_2)","decl":{"start":{"line":20,"column":27},"end":{"line":20,"column":28}},"loc":{"start":{"line":20,"column":34},"end":{"line":26,"column":13}},"line":20},"3":{"name":"(anonymous_3)","decl":{"start":{"line":33,"column":33},"end":{"line":33,"column":34}},"loc":{"start":{"line":33,"column":47},"end":{"line":39,"column":13}},"line":33}},"branchMap":{"0":{"loc":{"start":{"line":15,"column":8},"end":{"line":49,"column":9}},"type":"if","locations":[{"start":{"line":15,"column":8},"end":{"line":49,"column":9}},{"start":{"line":15,"column":8},"end":{"line":49,"column":9}}],"line":15},"1":{"loc":{"start":{"line":16,"column":12},"end":{"line":17,"column":37}},"type":"binary-expr","locations":[{"start":{"line":16,"column":12},"end":{"line":16,"column":31}},{"start":{"line":17,"column":12},"end":{"line":17,"column":37}}],"line":16},"2":{"loc":{"start":{"line":28,"column":15},"end":{"line":49,"column":9}},"type":"if","locations":[{"start":{"line":28,"column":15},"end":{"line":49,"column":9}},{"start":{"line":28,"column":15},"end":{"line":49,"column":9}}],"line":28},"3":{"loc":{"start":{"line":29,"column":12},"end":{"line":30,"column":37}},"type":"binary-expr","locations":[{"start":{"line":29,"column":12},"end":{"line":29,"column":31}},{"start":{"line":30,"column":12},"end":{"line":30,"column":37}}],"line":29},"4":{"loc":{"start":{"line":40,"column":15},"end":{"line":49,"column":9}},"type":"if","locations":[{"start":{"line":40,"column":15},"end":{"line":49,"column":9}},{"start":{"line":40,"column":15},"end":{"line":49,"column":9}}],"line":40},"5":{"loc":{"start":{"line":41,"column":12},"end":{"line":42,"column":28}},"type":"binary-expr","locations":[{"start":{"line":41,"column":12},"end":{"line":41,"column":32}},{"start":{"line":42,"column":12},"end":{"line":42,"column":28}}],"line":41}},"s":{"0":1,"1":4,"2":4,"3":16,"4":16,"5":16,"6":16,"7":4,"8":4,"9":4,"10":12,"11":4,"12":4,"13":10,"14":8,"15":1,"16":4},"f":{"0":4,"1":16,"2":4,"3":10},"b":{"0":[4,12],"1":[16,4],"2":[4,8],"3":[12,4],"4":[1,7],"5":[8,4]},"_coverageSchema":"43e27e138ebf9cfc5966b082cf9a028302ed4184","hash":"38abbc41d1df5f73bf4e7139b6cebee7fd961f2d"}
,"E:\\mySites\\localist_viewer\\src\\js\\helpers\\displayEvent.js": {"path":"E:\\mySites\\localist_viewer\\src\\js\\helpers\\displayEvent.js","statementMap":{"0":{"start":{"line":11,"column":28},"end":{"line":14,"column":1}},"1":{"start":{"line":12,"column":17},"end":{"line":12,"column":50}},"2":{"start":{"line":13,"column":4},"end":{"line":13,"column":16}},"3":{"start":{"line":23,"column":32},"end":{"line":26,"column":1}},"4":{"start":{"line":24,"column":21},"end":{"line":24,"column":54}},"5":{"start":{"line":25,"column":4},"end":{"line":25,"column":20}},"6":{"start":{"line":35,"column":27},"end":{"line":38,"column":1}},"7":{"start":{"line":36,"column":16},"end":{"line":36,"column":44}},"8":{"start":{"line":37,"column":4},"end":{"line":37,"column":15}},"9":{"start":{"line":45,"column":26},"end":{"line":48,"column":1}},"10":{"start":{"line":46,"column":26},"end":{"line":46,"column":71}},"11":{"start":{"line":47,"column":4},"end":{"line":47,"column":25}},"12":{"start":{"line":55,"column":24},"end":{"line":58,"column":1}},"13":{"start":{"line":56,"column":24},"end":{"line":56,"column":39}},"14":{"start":{"line":57,"column":4},"end":{"line":57,"column":23}},"15":{"start":{"line":65,"column":18},"end":{"line":68,"column":1}},"16":{"start":{"line":66,"column":15},"end":{"line":66,"column":46}},"17":{"start":{"line":67,"column":4},"end":{"line":67,"column":14}},"18":{"start":{"line":75,"column":31},"end":{"line":79,"column":1}},"19":{"start":{"line":76,"column":15},"end":{"line":76,"column":39}},"20":{"start":{"line":77,"column":15},"end":{"line":77,"column":28}},"21":{"start":{"line":78,"column":4},"end":{"line":78,"column":14}},"22":{"start":{"line":86,"column":29},"end":{"line":90,"column":1}},"23":{"start":{"line":87,"column":15},"end":{"line":87,"column":37}},"24":{"start":{"line":88,"column":15},"end":{"line":88,"column":28}},"25":{"start":{"line":89,"column":4},"end":{"line":89,"column":14}},"26":{"start":{"line":100,"column":30},"end":{"line":107,"column":1}},"27":{"start":{"line":101,"column":21},"end":{"line":101,"column":45}},"28":{"start":{"line":103,"column":8},"end":{"line":105,"column":50}},"29":{"start":{"line":106,"column":4},"end":{"line":106,"column":21}},"30":{"start":{"line":114,"column":28},"end":{"line":118,"column":1}},"31":{"start":{"line":115,"column":26},"end":{"line":115,"column":50}},"32":{"start":{"line":116,"column":28},"end":{"line":116,"column":66}},"33":{"start":{"line":117,"column":4},"end":{"line":117,"column":27}},"34":{"start":{"line":129,"column":28},"end":{"line":135,"column":1}},"35":{"start":{"line":130,"column":22},"end":{"line":130,"column":44}},"36":{"start":{"line":131,"column":4},"end":{"line":133,"column":5}},"37":{"start":{"line":132,"column":8},"end":{"line":132,"column":70}},"38":{"start":{"line":134,"column":4},"end":{"line":134,"column":23}},"39":{"start":{"line":142,"column":22},"end":{"line":146,"column":1}},"40":{"start":{"line":143,"column":26},"end":{"line":143,"column":50}},"41":{"start":{"line":144,"column":17},"end":{"line":144,"column":50}},"42":{"start":{"line":145,"column":4},"end":{"line":145,"column":16}},"43":{"start":{"line":148,"column":31},"end":{"line":155,"column":1}},"44":{"start":{"line":149,"column":20},"end":{"line":149,"column":63}},"45":{"start":{"line":150,"column":15},"end":{"line":150,"column":17}},"46":{"start":{"line":151,"column":4},"end":{"line":153,"column":5}},"47":{"start":{"line":152,"column":8},"end":{"line":152,"column":44}},"48":{"start":{"line":154,"column":4},"end":{"line":154,"column":15}},"49":{"start":{"line":162,"column":28},"end":{"line":171,"column":1}},"50":{"start":{"line":163,"column":20},"end":{"line":163,"column":22}},"51":{"start":{"line":164,"column":4},"end":{"line":169,"column":5}},"52":{"start":{"line":165,"column":8},"end":{"line":165,"column":30}},"53":{"start":{"line":167,"column":26},"end":{"line":167,"column":50}},"54":{"start":{"line":168,"column":8},"end":{"line":168,"column":51}},"55":{"start":{"line":170,"column":4},"end":{"line":170,"column":21}},"56":{"start":{"line":178,"column":28},"end":{"line":184,"column":1}},"57":{"start":{"line":179,"column":20},"end":{"line":179,"column":22}},"58":{"start":{"line":180,"column":4},"end":{"line":182,"column":5}},"59":{"start":{"line":181,"column":8},"end":{"line":181,"column":37}},"60":{"start":{"line":183,"column":4},"end":{"line":183,"column":21}},"61":{"start":{"line":191,"column":26},"end":{"line":197,"column":1}},"62":{"start":{"line":192,"column":18},"end":{"line":192,"column":19}},"63":{"start":{"line":193,"column":4},"end":{"line":195,"column":5}},"64":{"start":{"line":194,"column":8},"end":{"line":194,"column":33}},"65":{"start":{"line":196,"column":4},"end":{"line":196,"column":19}},"66":{"start":{"line":204,"column":26},"end":{"line":212,"column":1}},"67":{"start":{"line":205,"column":16},"end":{"line":205,"column":18}},"68":{"start":{"line":206,"column":4},"end":{"line":210,"column":5}},"69":{"start":{"line":207,"column":8},"end":{"line":209,"column":10}},"70":{"start":{"line":208,"column":12},"end":{"line":208,"column":26}},"71":{"start":{"line":211,"column":4},"end":{"line":211,"column":17}},"72":{"start":{"line":220,"column":32},"end":{"line":228,"column":1}},"73":{"start":{"line":221,"column":22},"end":{"line":221,"column":24}},"74":{"start":{"line":222,"column":4},"end":{"line":226,"column":5}},"75":{"start":{"line":223,"column":8},"end":{"line":225,"column":10}},"76":{"start":{"line":224,"column":12},"end":{"line":224,"column":26}},"77":{"start":{"line":227,"column":4},"end":{"line":227,"column":24}},"78":{"start":{"line":236,"column":29},"end":{"line":242,"column":1}},"79":{"start":{"line":237,"column":21},"end":{"line":237,"column":23}},"80":{"start":{"line":238,"column":4},"end":{"line":240,"column":5}},"81":{"start":{"line":239,"column":8},"end":{"line":239,"column":53}},"82":{"start":{"line":241,"column":4},"end":{"line":241,"column":22}},"83":{"start":{"line":250,"column":30},"end":{"line":252,"column":1}},"84":{"start":{"line":251,"column":4},"end":{"line":251,"column":37}},"85":{"start":{"line":260,"column":37},"end":{"line":262,"column":1}},"86":{"start":{"line":261,"column":4},"end":{"line":261,"column":37}},"87":{"start":{"line":271,"column":28},"end":{"line":285,"column":1}},"88":{"start":{"line":272,"column":23},"end":{"line":272,"column":43}},"89":{"start":{"line":273,"column":22},"end":{"line":273,"column":41}},"90":{"start":{"line":274,"column":21},"end":{"line":274,"column":23}},"91":{"start":{"line":275,"column":4},"end":{"line":277,"column":5}},"92":{"start":{"line":276,"column":8},"end":{"line":276,"column":43}},"93":{"start":{"line":278,"column":4},"end":{"line":280,"column":5}},"94":{"start":{"line":279,"column":8},"end":{"line":279,"column":50}},"95":{"start":{"line":281,"column":4},"end":{"line":283,"column":5}},"96":{"start":{"line":282,"column":8},"end":{"line":282,"column":33}},"97":{"start":{"line":284,"column":4},"end":{"line":284,"column":22}},"98":{"start":{"line":292,"column":35},"end":{"line":296,"column":1}},"99":{"start":{"line":293,"column":26},"end":{"line":293,"column":50}},"100":{"start":{"line":294,"column":29},"end":{"line":294,"column":66}},"101":{"start":{"line":295,"column":4},"end":{"line":295,"column":28}},"102":{"start":{"line":303,"column":30},"end":{"line":307,"column":1}},"103":{"start":{"line":304,"column":26},"end":{"line":304,"column":50}},"104":{"start":{"line":305,"column":29},"end":{"line":305,"column":70}},"105":{"start":{"line":306,"column":4},"end":{"line":306,"column":28}},"106":{"start":{"line":314,"column":28},"end":{"line":318,"column":1}},"107":{"start":{"line":315,"column":26},"end":{"line":315,"column":50}},"108":{"start":{"line":316,"column":22},"end":{"line":316,"column":57}},"109":{"start":{"line":317,"column":4},"end":{"line":317,"column":21}}},"fnMap":{"0":{"name":"(anonymous_0)","decl":{"start":{"line":11,"column":28},"end":{"line":11,"column":29}},"loc":{"start":{"line":11,"column":40},"end":{"line":14,"column":1}},"line":11},"1":{"name":"(anonymous_1)","decl":{"start":{"line":23,"column":32},"end":{"line":23,"column":33}},"loc":{"start":{"line":23,"column":44},"end":{"line":26,"column":1}},"line":23},"2":{"name":"(anonymous_2)","decl":{"start":{"line":35,"column":27},"end":{"line":35,"column":28}},"loc":{"start":{"line":35,"column":39},"end":{"line":38,"column":1}},"line":35},"3":{"name":"(anonymous_3)","decl":{"start":{"line":45,"column":26},"end":{"line":45,"column":27}},"loc":{"start":{"line":45,"column":35},"end":{"line":48,"column":1}},"line":45},"4":{"name":"(anonymous_4)","decl":{"start":{"line":55,"column":24},"end":{"line":55,"column":25}},"loc":{"start":{"line":55,"column":33},"end":{"line":58,"column":1}},"line":55},"5":{"name":"(anonymous_5)","decl":{"start":{"line":65,"column":18},"end":{"line":65,"column":19}},"loc":{"start":{"line":65,"column":26},"end":{"line":68,"column":1}},"line":65},"6":{"name":"(anonymous_6)","decl":{"start":{"line":75,"column":31},"end":{"line":75,"column":32}},"loc":{"start":{"line":75,"column":40},"end":{"line":79,"column":1}},"line":75},"7":{"name":"(anonymous_7)","decl":{"start":{"line":86,"column":29},"end":{"line":86,"column":30}},"loc":{"start":{"line":86,"column":38},"end":{"line":90,"column":1}},"line":86},"8":{"name":"(anonymous_8)","decl":{"start":{"line":100,"column":30},"end":{"line":100,"column":31}},"loc":{"start":{"line":100,"column":49},"end":{"line":107,"column":1}},"line":100},"9":{"name":"(anonymous_9)","decl":{"start":{"line":114,"column":28},"end":{"line":114,"column":29}},"loc":{"start":{"line":114,"column":37},"end":{"line":118,"column":1}},"line":114},"10":{"name":"(anonymous_10)","decl":{"start":{"line":129,"column":28},"end":{"line":129,"column":29}},"loc":{"start":{"line":129,"column":54},"end":{"line":135,"column":1}},"line":129},"11":{"name":"(anonymous_11)","decl":{"start":{"line":142,"column":22},"end":{"line":142,"column":23}},"loc":{"start":{"line":142,"column":31},"end":{"line":146,"column":1}},"line":142},"12":{"name":"(anonymous_12)","decl":{"start":{"line":148,"column":31},"end":{"line":148,"column":32}},"loc":{"start":{"line":148,"column":40},"end":{"line":155,"column":1}},"line":148},"13":{"name":"(anonymous_13)","decl":{"start":{"line":162,"column":28},"end":{"line":162,"column":29}},"loc":{"start":{"line":162,"column":37},"end":{"line":171,"column":1}},"line":162},"14":{"name":"(anonymous_14)","decl":{"start":{"line":178,"column":28},"end":{"line":178,"column":29}},"loc":{"start":{"line":178,"column":37},"end":{"line":184,"column":1}},"line":178},"15":{"name":"(anonymous_15)","decl":{"start":{"line":191,"column":26},"end":{"line":191,"column":27}},"loc":{"start":{"line":191,"column":35},"end":{"line":197,"column":1}},"line":191},"16":{"name":"(anonymous_16)","decl":{"start":{"line":204,"column":26},"end":{"line":204,"column":27}},"loc":{"start":{"line":204,"column":35},"end":{"line":212,"column":1}},"line":204},"17":{"name":"(anonymous_17)","decl":{"start":{"line":207,"column":46},"end":{"line":207,"column":47}},"loc":{"start":{"line":207,"column":52},"end":{"line":209,"column":9}},"line":207},"18":{"name":"(anonymous_18)","decl":{"start":{"line":220,"column":32},"end":{"line":220,"column":33}},"loc":{"start":{"line":220,"column":41},"end":{"line":228,"column":1}},"line":220},"19":{"name":"(anonymous_19)","decl":{"start":{"line":223,"column":52},"end":{"line":223,"column":53}},"loc":{"start":{"line":223,"column":58},"end":{"line":225,"column":9}},"line":223},"20":{"name":"(anonymous_20)","decl":{"start":{"line":236,"column":29},"end":{"line":236,"column":30}},"loc":{"start":{"line":236,"column":38},"end":{"line":242,"column":1}},"line":236},"21":{"name":"(anonymous_21)","decl":{"start":{"line":250,"column":30},"end":{"line":250,"column":31}},"loc":{"start":{"line":250,"column":41},"end":{"line":252,"column":1}},"line":250},"22":{"name":"(anonymous_22)","decl":{"start":{"line":260,"column":37},"end":{"line":260,"column":38}},"loc":{"start":{"line":260,"column":48},"end":{"line":262,"column":1}},"line":260},"23":{"name":"(anonymous_23)","decl":{"start":{"line":271,"column":28},"end":{"line":271,"column":29}},"loc":{"start":{"line":271,"column":53},"end":{"line":285,"column":1}},"line":271},"24":{"name":"(anonymous_24)","decl":{"start":{"line":292,"column":35},"end":{"line":292,"column":36}},"loc":{"start":{"line":292,"column":44},"end":{"line":296,"column":1}},"line":292},"25":{"name":"(anonymous_25)","decl":{"start":{"line":303,"column":30},"end":{"line":303,"column":31}},"loc":{"start":{"line":303,"column":39},"end":{"line":307,"column":1}},"line":303},"26":{"name":"(anonymous_26)","decl":{"start":{"line":314,"column":28},"end":{"line":314,"column":29}},"loc":{"start":{"line":314,"column":37},"end":{"line":318,"column":1}},"line":314}},"branchMap":{"0":{"loc":{"start":{"line":103,"column":8},"end":{"line":105,"column":50}},"type":"cond-expr","locations":[{"start":{"line":104,"column":14},"end":{"line":104,"column":46}},{"start":{"line":105,"column":14},"end":{"line":105,"column":50}}],"line":103},"1":{"loc":{"start":{"line":131,"column":4},"end":{"line":133,"column":5}},"type":"if","locations":[{"start":{"line":131,"column":4},"end":{"line":133,"column":5}},{"start":{"line":131,"column":4},"end":{"line":133,"column":5}}],"line":131},"2":{"loc":{"start":{"line":151,"column":4},"end":{"line":153,"column":5}},"type":"if","locations":[{"start":{"line":151,"column":4},"end":{"line":153,"column":5}},{"start":{"line":151,"column":4},"end":{"line":153,"column":5}}],"line":151},"3":{"loc":{"start":{"line":151,"column":8},"end":{"line":151,"column":58}},"type":"binary-expr","locations":[{"start":{"line":151,"column":8},"end":{"line":151,"column":38}},{"start":{"line":151,"column":42},"end":{"line":151,"column":58}}],"line":151},"4":{"loc":{"start":{"line":164,"column":4},"end":{"line":169,"column":5}},"type":"if","locations":[{"start":{"line":164,"column":4},"end":{"line":169,"column":5}},{"start":{"line":164,"column":4},"end":{"line":169,"column":5}}],"line":164},"5":{"loc":{"start":{"line":180,"column":4},"end":{"line":182,"column":5}},"type":"if","locations":[{"start":{"line":180,"column":4},"end":{"line":182,"column":5}},{"start":{"line":180,"column":4},"end":{"line":182,"column":5}}],"line":180},"6":{"loc":{"start":{"line":193,"column":4},"end":{"line":195,"column":5}},"type":"if","locations":[{"start":{"line":193,"column":4},"end":{"line":195,"column":5}},{"start":{"line":193,"column":4},"end":{"line":195,"column":5}}],"line":193},"7":{"loc":{"start":{"line":206,"column":4},"end":{"line":210,"column":5}},"type":"if","locations":[{"start":{"line":206,"column":4},"end":{"line":210,"column":5}},{"start":{"line":206,"column":4},"end":{"line":210,"column":5}}],"line":206},"8":{"loc":{"start":{"line":222,"column":4},"end":{"line":226,"column":5}},"type":"if","locations":[{"start":{"line":222,"column":4},"end":{"line":226,"column":5}},{"start":{"line":222,"column":4},"end":{"line":226,"column":5}}],"line":222},"9":{"loc":{"start":{"line":238,"column":4},"end":{"line":240,"column":5}},"type":"if","locations":[{"start":{"line":238,"column":4},"end":{"line":240,"column":5}},{"start":{"line":238,"column":4},"end":{"line":240,"column":5}}],"line":238},"10":{"loc":{"start":{"line":275,"column":4},"end":{"line":277,"column":5}},"type":"if","locations":[{"start":{"line":275,"column":4},"end":{"line":277,"column":5}},{"start":{"line":275,"column":4},"end":{"line":277,"column":5}}],"line":275},"11":{"loc":{"start":{"line":278,"column":4},"end":{"line":280,"column":5}},"type":"if","locations":[{"start":{"line":278,"column":4},"end":{"line":280,"column":5}},{"start":{"line":278,"column":4},"end":{"line":280,"column":5}}],"line":278},"12":{"loc":{"start":{"line":278,"column":8},"end":{"line":278,"column":51}},"type":"binary-expr","locations":[{"start":{"line":278,"column":8},"end":{"line":278,"column":31}},{"start":{"line":278,"column":35},"end":{"line":278,"column":51}}],"line":278},"13":{"loc":{"start":{"line":281,"column":4},"end":{"line":283,"column":5}},"type":"if","locations":[{"start":{"line":281,"column":4},"end":{"line":283,"column":5}},{"start":{"line":281,"column":4},"end":{"line":283,"column":5}}],"line":281},"14":{"loc":{"start":{"line":281,"column":8},"end":{"line":281,"column":52}},"type":"binary-expr","locations":[{"start":{"line":281,"column":8},"end":{"line":281,"column":32}},{"start":{"line":281,"column":36},"end":{"line":281,"column":52}}],"line":281}},"s":{"0":3,"1":24,"2":24,"3":3,"4":12,"5":12,"6":3,"7":12,"8":12,"9":3,"10":81,"11":81,"12":3,"13":13,"14":13,"15":3,"16":26,"17":26,"18":3,"19":13,"20":13,"21":13,"22":3,"23":13,"24":13,"25":13,"26":3,"27":4,"28":4,"29":4,"30":3,"31":12,"32":12,"33":12,"34":3,"35":16,"36":16,"37":16,"38":16,"39":3,"40":12,"41":12,"42":12,"43":3,"44":4,"45":4,"46":4,"47":4,"48":4,"49":3,"50":20,"51":20,"52":0,"53":20,"54":20,"55":20,"56":3,"57":20,"58":20,"59":5,"60":20,"61":3,"62":16,"63":16,"64":4,"65":16,"66":3,"67":0,"68":0,"69":0,"70":0,"71":0,"72":3,"73":0,"74":0,"75":0,"76":0,"77":0,"78":3,"79":4,"80":4,"81":4,"82":4,"83":3,"84":4,"85":3,"86":0,"87":3,"88":4,"89":4,"90":4,"91":4,"92":4,"93":4,"94":0,"95":4,"96":1,"97":4,"98":3,"99":4,"100":4,"101":4,"102":3,"103":4,"104":4,"105":4,"106":3,"107":12,"108":12,"109":12},"f":{"0":24,"1":12,"2":12,"3":81,"4":13,"5":26,"6":13,"7":13,"8":4,"9":12,"10":16,"11":12,"12":4,"13":20,"14":20,"15":16,"16":0,"17":0,"18":0,"19":0,"20":4,"21":4,"22":0,"23":4,"24":4,"25":4,"26":12},"b":{"0":[0,4],"1":[16,0],"2":[4,0],"3":[4,4],"4":[0,20],"5":[5,15],"6":[4,12],"7":[0,0],"8":[0,0],"9":[4,0],"10":[4,0],"11":[0,4],"12":[4,0],"13":[1,3],"14":[4,4]},"_coverageSchema":"43e27e138ebf9cfc5966b082cf9a028302ed4184","hash":"d3cfc42033e013b59625ac7cae0fcc379e8351e2"}
,"E:\\mySites\\localist_viewer\\tests\\testData.js": {"path":"E:\\mySites\\localist_viewer\\tests\\testData.js","statementMap":{"0":{"start":{"line":1,"column":22},"end":{"line":1,"column":16348}},"1":{"start":{"line":3,"column":20},"end":{"line":3,"column":5526}},"2":{"start":{"line":5,"column":19},"end":{"line":5,"column":17096}}},"fnMap":{},"branchMap":{},"s":{"0":3,"1":3,"2":3},"f":{},"b":{},"_coverageSchema":"43e27e138ebf9cfc5966b082cf9a028302ed4184","hash":"e5c7187d5aea66b18ceeb9480524103b99b2aeb3"}
}
