TN:
SF:E:\mySites\localist_viewer\src\js\components\addCal.jsx
FN:6,(anonymous_0)
FN:36,(anonymous_1)
FN:50,(anonymous_2)
FN:68,(anonymous_3)
FNF:4
FNH:4
FNDA:13,(anonymous_0)
FNDA:13,(anonymous_1)
FNDA:13,(anonymous_2)
FNDA:13,(anonymous_3)
DA:6,2
DA:7,13
DA:8,13
DA:9,13
DA:21,13
DA:36,2
DA:37,13
DA:50,2
DA:51,13
DA:68,2
DA:69,13
DA:70,13
DA:78,2
LF:13
LH:13
BRF:0
BRH:0
end_of_record
TN:
SF:E:\mySites\localist_viewer\src\js\components\classic.jsx
FN:8,(anonymous_0)
FN:41,(anonymous_1)
FN:52,(anonymous_2)
FNF:3
FNH:3
FNDA:4,(anonymous_0)
FNDA:1,(anonymous_1)
FNDA:4,(anonymous_2)
DA:8,1
DA:9,4
DA:10,4
DA:11,4
DA:12,4
DA:36,1
DA:41,1
DA:46,1
DA:48,1
DA:53,4
DA:68,1
DA:75,1
LF:12
LH:12
BRDA:24,0,0,4
BRDA:24,0,1,0
BRDA:51,1,0,1
BRDA:51,1,1,0
BRF:4
BRH:2
end_of_record
TN:
SF:E:\mySites\localist_viewer\src\js\components\compact.jsx
FN:18,(anonymous_0)
FN:73,(anonymous_1)
FN:102,(anonymous_2)
FNF:3
FNH:3
FNDA:4,(anonymous_0)
FNDA:1,(anonymous_1)
FNDA:4,(anonymous_2)
DA:18,1
DA:27,4
DA:28,4
DA:60,1
DA:73,1
DA:85,1
DA:86,1
DA:87,1
DA:88,1
DA:90,1
DA:103,4
DA:127,1
DA:140,1
LF:13
LH:13
BRDA:30,0,0,4
BRDA:30,0,1,0
BRDA:50,1,0,4
BRDA:50,1,1,0
BRDA:88,2,0,0
BRDA:88,2,1,1
BRDA:101,3,0,1
BRDA:101,3,1,0
BRF:8
BRH:4
end_of_record
TN:
SF:E:\mySites\localist_viewer\src\js\components\filter.jsx
FN:16,(anonymous_0)
FN:24,(anonymous_1)
FN:28,(anonymous_2)
FN:54,(anonymous_3)
FN:61,(anonymous_4)
FN:71,(anonymous_5)
FNF:6
FNH:2
FNDA:5,(anonymous_0)
FNDA:0,(anonymous_1)
FNDA:0,(anonymous_2)
FNDA:0,(anonymous_3)
FNDA:25,(anonymous_4)
FNDA:0,(anonymous_5)
DA:16,2
DA:17,5
DA:18,5
DA:19,1
DA:21,4
DA:22,4
DA:24,4
DA:25,0
DA:26,0
DA:28,0
DA:29,0
DA:30,0
DA:31,0
DA:32,0
DA:33,0
DA:34,0
DA:35,0
DA:36,0
DA:37,0
DA:39,0
DA:41,0
DA:45,4
DA:55,0
DA:56,0
DA:57,0
DA:62,25
DA:63,25
DA:64,25
DA:65,25
DA:72,0
DA:73,0
DA:84,2
LF:32
LH:13
BRDA:18,0,0,1
BRDA:18,0,1,4
BRDA:25,1,0,0
BRDA:25,1,1,0
BRDA:32,2,0,0
BRDA:32,2,1,0
BRDA:32,3,0,0
BRDA:32,3,1,0
BRDA:34,4,0,0
BRDA:34,4,1,0
BRDA:34,5,0,0
BRDA:34,5,1,0
BRDA:36,6,0,0
BRDA:36,6,1,0
BRDA:36,7,0,0
BRDA:36,7,1,0
BRF:16
BRH:2
end_of_record
TN:
SF:E:\mySites\localist_viewer\src\js\components\inline_compact.jsx
FN:10,(anonymous_0)
FN:15,(anonymous_1)
FN:61,(anonymous_2)
FN:74,(anonymous_3)
FNF:4
FNH:4
FNDA:4,(anonymous_0)
FNDA:4,(anonymous_1)
FNDA:1,(anonymous_2)
FNDA:4,(anonymous_3)
DA:10,1
DA:11,4
DA:12,4
DA:13,4
DA:15,4
DA:16,4
DA:17,0
DA:19,4
DA:27,4
DA:56,1
DA:61,1
DA:66,1
DA:68,1
DA:75,4
DA:92,1
DA:99,1
LF:16
LH:15
BRDA:16,0,0,0
BRDA:16,0,1,4
BRDA:45,1,0,4
BRDA:45,1,1,0
BRDA:73,2,0,1
BRDA:73,2,1,0
BRF:6
BRH:3
end_of_record
TN:
SF:E:\mySites\localist_viewer\src\js\components\modern_compact.jsx
FN:15,(anonymous_0)
FN:81,(anonymous_1)
FN:107,(anonymous_2)
FNF:3
FNH:3
FNDA:4,(anonymous_0)
FNDA:1,(anonymous_1)
FNDA:4,(anonymous_2)
DA:15,1
DA:22,4
DA:23,4
DA:25,4
DA:72,1
DA:81,1
DA:91,1
DA:92,1
DA:93,1
DA:94,1
DA:95,1
DA:108,4
DA:132,1
DA:144,1
LF:14
LH:14
BRDA:50,0,0,4
BRDA:50,0,1,0
BRDA:55,1,0,4
BRDA:55,1,1,0
BRDA:62,2,0,4
BRDA:62,2,1,0
BRDA:94,3,0,0
BRDA:94,3,1,1
BRDA:106,4,0,1
BRDA:106,4,1,0
BRF:10
BRH:5
end_of_record
TN:
SF:E:\mySites\localist_viewer\src\js\components\modern_standard.jsx
FN:15,(anonymous_0)
FN:31,(anonymous_1)
FN:34,(anonymous_2)
FN:103,(anonymous_3)
FN:130,(anonymous_4)
FNF:5
FNH:5
FNDA:4,(anonymous_0)
FNDA:4,(anonymous_1)
FNDA:4,(anonymous_2)
FNDA:1,(anonymous_3)
FNDA:4,(anonymous_4)
DA:15,1
DA:24,4
DA:31,4
DA:33,4
DA:34,4
DA:35,4
DA:38,4
DA:41,4
DA:43,4
DA:91,1
DA:103,1
DA:114,1
DA:115,1
DA:116,1
DA:117,1
DA:118,1
DA:131,4
DA:155,1
DA:167,1
LF:19
LH:19
BRDA:33,0,0,4
BRDA:33,0,1,0
BRDA:62,1,0,4
BRDA:62,1,1,0
BRDA:74,2,0,4
BRDA:74,2,1,0
BRDA:81,3,0,4
BRDA:81,3,1,0
BRDA:117,4,0,0
BRDA:117,4,1,1
BRDA:129,5,0,1
BRDA:129,5,1,0
BRF:12
BRH:6
end_of_record
TN:
SF:E:\mySites\localist_viewer\src\js\components\partials.jsx
FN:4,(anonymous_0)
FN:24,(anonymous_1)
FN:39,(anonymous_2)
FN:54,(anonymous_3)
FN:82,(anonymous_4)
FN:111,(anonymous_5)
FN:153,(anonymous_6)
FN:161,(anonymous_7)
FN:175,(anonymous_8)
FNF:9
FNH:9
FNDA:8,(anonymous_0)
FNDA:8,(anonymous_1)
FNDA:8,(anonymous_2)
FNDA:12,(anonymous_3)
FNDA:8,(anonymous_4)
FNDA:8,(anonymous_5)
FNDA:4,(anonymous_6)
FNDA:4,(anonymous_7)
FNDA:30,(anonymous_8)
DA:4,2
DA:5,8
DA:6,8
DA:19,2
DA:24,2
DA:25,8
DA:26,8
DA:35,2
DA:39,2
DA:40,8
DA:41,8
DA:42,8
DA:44,0
DA:47,2
DA:50,2
DA:54,2
DA:55,12
DA:56,12
DA:57,12
DA:58,0
DA:60,12
DA:71,2
DA:77,2
DA:82,2
DA:83,8
DA:84,8
DA:85,0
DA:87,8
DA:100,2
DA:106,2
DA:111,2
DA:112,8
DA:114,8
DA:124,8
DA:142,2
DA:149,2
DA:153,2
DA:154,4
DA:155,4
DA:156,0
DA:158,4
DA:162,4
DA:167,2
DA:171,2
DA:175,2
DA:176,30
DA:177,30
DA:187,2
DA:194,2
LF:49
LH:45
BRDA:41,0,0,8
BRDA:41,0,1,0
BRDA:57,1,0,0
BRDA:57,1,1,12
BRDA:84,2,0,0
BRDA:84,2,1,8
BRDA:128,3,0,4
BRDA:128,3,1,4
BRDA:133,4,0,4
BRDA:133,4,1,4
BRDA:155,5,0,0
BRDA:155,5,1,4
BRDA:180,6,0,4
BRDA:180,6,1,26
BRF:14
BRH:10
end_of_record
TN:
SF:E:\mySites\localist_viewer\src\js\components\standard.jsx
FN:22,(anonymous_0)
FN:86,(anonymous_1)
FN:106,(anonymous_2)
FN:117,(anonymous_3)
FN:143,(anonymous_4)
FNF:5
FNH:5
FNDA:4,(anonymous_0)
FNDA:1,(anonymous_1)
FNDA:4,(anonymous_2)
FNDA:4,(anonymous_3)
FNDA:4,(anonymous_4)
DA:22,1
DA:32,4
DA:34,4
DA:72,1
DA:86,1
DA:98,1
DA:99,1
DA:101,1
DA:102,1
DA:103,1
DA:104,1
DA:106,1
DA:107,4
DA:108,4
DA:109,2
DA:110,2
DA:114,2
DA:117,1
DA:118,4
DA:119,4
DA:120,3
DA:121,3
DA:128,1
DA:131,1
DA:144,4
DA:170,1
DA:183,1
LF:27
LH:27
BRDA:49,0,0,0
BRDA:49,0,1,4
BRDA:63,1,0,0
BRDA:63,1,1,4
BRDA:102,2,0,0
BRDA:102,2,1,1
BRDA:108,3,0,2
BRDA:108,3,1,2
BRDA:119,4,0,3
BRDA:119,4,1,1
BRDA:142,5,0,1
BRDA:142,5,1,0
BRF:12
BRH:8
end_of_record
TN:
SF:E:\mySites\localist_viewer\src\js\helpers\buildEventWrapperFilters.js
FN:9,(anonymous_0)
FN:11,(anonymous_1)
FN:20,(anonymous_2)
FN:33,(anonymous_3)
FNF:4
FNH:4
FNDA:4,(anonymous_0)
FNDA:16,(anonymous_1)
FNDA:4,(anonymous_2)
FNDA:10,(anonymous_3)
DA:9,1
DA:10,4
DA:11,4
DA:12,16
DA:13,16
DA:14,16
DA:15,16
DA:19,4
DA:20,4
DA:21,4
DA:28,12
DA:32,4
DA:33,4
DA:34,10
DA:40,8
DA:44,1
DA:51,4
LF:17
LH:17
BRDA:15,0,0,4
BRDA:15,0,1,12
BRDA:16,1,0,16
BRDA:16,1,1,4
BRDA:28,2,0,4
BRDA:28,2,1,8
BRDA:29,3,0,12
BRDA:29,3,1,4
BRDA:40,4,0,1
BRDA:40,4,1,7
BRDA:41,5,0,8
BRDA:41,5,1,4
BRF:12
BRH:12
end_of_record
TN:
SF:E:\mySites\localist_viewer\src\js\helpers\displayEvent.js
FN:11,(anonymous_0)
FN:23,(anonymous_1)
FN:35,(anonymous_2)
FN:45,(anonymous_3)
FN:55,(anonymous_4)
FN:65,(anonymous_5)
FN:75,(anonymous_6)
FN:86,(anonymous_7)
FN:100,(anonymous_8)
FN:114,(anonymous_9)
FN:129,(anonymous_10)
FN:142,(anonymous_11)
FN:148,(anonymous_12)
FN:162,(anonymous_13)
FN:178,(anonymous_14)
FN:191,(anonymous_15)
FN:204,(anonymous_16)
FN:207,(anonymous_17)
FN:220,(anonymous_18)
FN:223,(anonymous_19)
FN:236,(anonymous_20)
FN:250,(anonymous_21)
FN:260,(anonymous_22)
FN:271,(anonymous_23)
FN:292,(anonymous_24)
FN:303,(anonymous_25)
FN:314,(anonymous_26)
FNF:27
FNH:22
FNDA:24,(anonymous_0)
FNDA:12,(anonymous_1)
FNDA:12,(anonymous_2)
FNDA:81,(anonymous_3)
FNDA:13,(anonymous_4)
FNDA:26,(anonymous_5)
FNDA:13,(anonymous_6)
FNDA:13,(anonymous_7)
FNDA:4,(anonymous_8)
FNDA:12,(anonymous_9)
FNDA:16,(anonymous_10)
FNDA:12,(anonymous_11)
FNDA:4,(anonymous_12)
FNDA:20,(anonymous_13)
FNDA:20,(anonymous_14)
FNDA:16,(anonymous_15)
FNDA:0,(anonymous_16)
FNDA:0,(anonymous_17)
FNDA:0,(anonymous_18)
FNDA:0,(anonymous_19)
FNDA:4,(anonymous_20)
FNDA:4,(anonymous_21)
FNDA:0,(anonymous_22)
FNDA:4,(anonymous_23)
FNDA:4,(anonymous_24)
FNDA:4,(anonymous_25)
FNDA:12,(anonymous_26)
DA:11,3
DA:12,24
DA:13,24
DA:23,3
DA:24,12
DA:25,12
DA:35,3
DA:36,12
DA:37,12
DA:45,3
DA:46,81
DA:47,81
DA:55,3
DA:56,13
DA:57,13
DA:65,3
DA:66,26
DA:67,26
DA:75,3
DA:76,13
DA:77,13
DA:78,13
DA:86,3
DA:87,13
DA:88,13
DA:89,13
DA:100,3
DA:101,4
DA:103,4
DA:106,4
DA:114,3
DA:115,12
DA:116,12
DA:117,12
DA:129,3
DA:130,16
DA:131,16
DA:132,16
DA:134,16
DA:142,3
DA:143,12
DA:144,12
DA:145,12
DA:148,3
DA:149,4
DA:150,4
DA:151,4
DA:152,4
DA:154,4
DA:162,3
DA:163,20
DA:164,20
DA:165,0
DA:167,20
DA:168,20
DA:170,20
DA:178,3
DA:179,20
DA:180,20
DA:181,5
DA:183,20
DA:191,3
DA:192,16
DA:193,16
DA:194,4
DA:196,16
DA:204,3
DA:205,0
DA:206,0
DA:207,0
DA:208,0
DA:211,0
DA:220,3
DA:221,0
DA:222,0
DA:223,0
DA:224,0
DA:227,0
DA:236,3
DA:237,4
DA:238,4
DA:239,4
DA:241,4
DA:250,3
DA:251,4
DA:260,3
DA:261,0
DA:271,3
DA:272,4
DA:273,4
DA:274,4
DA:275,4
DA:276,4
DA:278,4
DA:279,0
DA:281,4
DA:282,1
DA:284,4
DA:292,3
DA:293,4
DA:294,4
DA:295,4
DA:303,3
DA:304,4
DA:305,4
DA:306,4
DA:314,3
DA:315,12
DA:316,12
DA:317,12
LF:110
LH:97
BRDA:103,0,0,0
BRDA:103,0,1,4
BRDA:131,1,0,16
BRDA:131,1,1,0
BRDA:151,2,0,4
BRDA:151,2,1,0
BRDA:151,3,0,4
BRDA:151,3,1,4
BRDA:164,4,0,0
BRDA:164,4,1,20
BRDA:180,5,0,5
BRDA:180,5,1,15
BRDA:193,6,0,4
BRDA:193,6,1,12
BRDA:206,7,0,0
BRDA:206,7,1,0
BRDA:222,8,0,0
BRDA:222,8,1,0
BRDA:238,9,0,4
BRDA:238,9,1,0
BRDA:275,10,0,4
BRDA:275,10,1,0
BRDA:278,11,0,0
BRDA:278,11,1,4
BRDA:278,12,0,4
BRDA:278,12,1,0
BRDA:281,13,0,1
BRDA:281,13,1,3
BRDA:281,14,0,4
BRDA:281,14,1,4
BRF:30
BRH:18
end_of_record
TN:
SF:E:\mySites\localist_viewer\tests\testData.js
FNF:0
FNH:0
DA:1,3
DA:3,3
DA:5,3
LF:3
LH:3
BRF:0
BRH:0
end_of_record
